<?xml version="1.0" encoding="UTF-8"?>
<!-- Generated by org.testng.reporters.JUnitXMLReporter -->
<testsuite ignored="0" hostname="DESKTOP-A020C06" failures="0" tests="5" name="test.RadioButton_test" time="21.295" errors="0" timestamp="2022-09-25T21:36:11 IST">
  <testcase classname="test.RadioButton_test" name="clickonElements" time="2.107"/>
  <testcase classname="test.RadioButton_test" name="clickonRadioButton" time="2.065"/>
  <testcase classname="test.RadioButton_test" name="clickonYesButton" time="2.088"/>
  <testcase classname="test.RadioButton_test" name="clickonImpressiveButton" time="2.131"/>
  <testcase classname="test.RadioButton_test" name="clickonNoButton" time="2.137"/>
</testsuite> <!-- test.RadioButton_test -->
