<?xml version="1.0" encoding="UTF-8"?>
<!-- Generated by org.testng.reporters.JUnitXMLReporter -->
<testsuite ignored="0" hostname="Hemendra" failures="0" tests="3" name="test.upload_download_test" time="27.136" errors="0" timestamp="2023-04-17T23:34:52 IST">
  <testcase classname="test.upload_download_test" name="clickonElements" time="0.101"/>
  <testcase classname="test.upload_download_test" name="clickonuploadanddownload" time="0.116"/>
  <testcase classname="test.upload_download_test" name="clickonchoosefile" time="1.979"/>
</testsuite> <!-- test.upload_download_test -->
