<?xml version="1.0" encoding="UTF-8"?>
<!-- Generated by org.testng.reporters.JUnitXMLReporter -->
<testsuite ignored="0" hostname="DESKTOP-A020C06" failures="0" tests="3" name="test.ToolTip_Test" time="18.086" errors="0" timestamp="2022-11-29T16:14:54 IST">
  <testcase classname="test.ToolTip_Test" name="clickonwidgets" time="0.07"/>
  <testcase classname="test.ToolTip_Test" name="clickonToolTip" time="0.068"/>
  <testcase classname="test.ToolTip_Test" name="HandelHover" time="0.202"/>
</testsuite> <!-- test.ToolTip_Test -->
