<?xml version="1.0" encoding="UTF-8"?>
<!-- Generated by org.testng.reporters.JUnitXMLReporter -->
<testsuite ignored="0" hostname="Hemendra" failures="0" tests="5" name="test.CheckBox_test" time="14.595" errors="0" timestamp="2023-04-17T23:32:35 IST">
  <testcase classname="test.CheckBox_test" name="clickonElements" time="0.098"/>
  <testcase classname="test.CheckBox_test" name="clickonCheckBox" time="0.147"/>
  <testcase classname="test.CheckBox_test" name="mobileCheckBoxButton" time="0.22"/>
  <testcase classname="test.CheckBox_test" name="LaptopCheckBoxButton" time="0.199"/>
  <testcase classname="test.CheckBox_test" name="DesktopCheckBoxButton" time="0.165"/>
</testsuite> <!-- test.CheckBox_test -->
