<?xml version="1.0" encoding="UTF-8"?>
<!-- Generated by org.testng.reporters.JUnitXMLReporter -->
<testsuite ignored="0" hostname="DESKTOP-A020C06" failures="0" tests="101" name="test.Logintest" time="11.254" errors="0" timestamp="2022-11-22T02:49:45 IST">
  <testcase classname="test.Logintest" name="@BeforeTest getLaunchtestingBaba" time="8.342">
    <failure type="org.openqa.selenium.NoSuchWindowException" message="no such window: target window already closed
from unknown error: web view not found
  (Session info: MicrosoftEdge=107.0.1418.52)
Build info: version: &amp;apos;3.141.59&amp;apos;, revision: &amp;apos;e82be7d358&amp;apos;, time: &amp;apos;2018-11-14T08:25:48&amp;apos;
System info: host: &amp;apos;DESKTOP-A020C06&amp;apos;, ip: &amp;apos;192.168.0.100&amp;apos;, os.name: &amp;apos;Windows 10&amp;apos;, os.arch: &amp;apos;amd64&amp;apos;, os.version: &amp;apos;10.0&amp;apos;, java.version: &amp;apos;18.0.1.1&amp;apos;
Driver info: org.openqa.selenium.edge.EdgeDriver
Capabilities {acceptInsecureCerts: false, browserName: msedge, browserVersion: 107.0.1418.52, javascriptEnabled: true, ms:edgeOptions: {debuggerAddress: localhost:58092}, msedge: {msedgedriverVersion: 107.0.1418.26 (801aa30e9054..., userDataDir: C:\Users\winni\AppData\Loca...}, networkConnectionEnabled: false, pageLoadStrategy: normal, platform: WINDOWS, platformName: WINDOWS, proxy: Proxy(), setWindowRect: true, strictFileInteractability: false, timeouts: {implicit: 0, pageLoad: 300000, script: 30000}, unhandledPromptBehavior: dismiss and notify, webauthn:extension:credBlob: true, webauthn:extension:largeBlob: true, webauthn:virtualAuthenticators: true}
Session ID: da4b0342014a8252e942f2fb5be8b8e1">
      <![CDATA[org.openqa.selenium.NoSuchWindowException: no such window: target window already closed
from unknown error: web view not found
  (Session info: MicrosoftEdge=107.0.1418.52)
Build info: version: '3.141.59', revision: 'e82be7d358', time: '2018-11-14T08:25:48'
System info: host: 'DESKTOP-A020C06', ip: '192.168.0.100', os.name: 'Windows 10', os.arch: 'amd64', os.version: '10.0', java.version: '18.0.1.1'
Driver info: org.openqa.selenium.edge.EdgeDriver
Capabilities {acceptInsecureCerts: false, browserName: msedge, browserVersion: 107.0.1418.52, javascriptEnabled: true, ms:edgeOptions: {debuggerAddress: localhost:58092}, msedge: {msedgedriverVersion: 107.0.1418.26 (801aa30e9054..., userDataDir: C:\Users\winni\AppData\Loca...}, networkConnectionEnabled: false, pageLoadStrategy: normal, platform: WINDOWS, platformName: WINDOWS, proxy: Proxy(), setWindowRect: true, strictFileInteractability: false, timeouts: {implicit: 0, pageLoad: 300000, script: 30000}, unhandledPromptBehavior: dismiss and notify, webauthn:extension:credBlob: true, webauthn:extension:largeBlob: true, webauthn:virtualAuthenticators: true}
Session ID: da4b0342014a8252e942f2fb5be8b8e1
at org.openqa.selenium.remote.http.W3CHttpResponseCodec.createException(W3CHttpResponseCodec.java:187)
at org.openqa.selenium.remote.http.W3CHttpResponseCodec.decode(W3CHttpResponseCodec.java:122)
at org.openqa.selenium.remote.http.W3CHttpResponseCodec.decode(W3CHttpResponseCodec.java:49)
at org.openqa.selenium.remote.HttpCommandExecutor.execute(HttpCommandExecutor.java:158)
at org.openqa.selenium.remote.service.DriverCommandExecutor.execute(DriverCommandExecutor.java:83)
at org.openqa.selenium.remote.RemoteWebDriver.execute(RemoteWebDriver.java:552)
at org.openqa.selenium.remote.RemoteWebDriver.execute(RemoteWebDriver.java:609)
at org.openqa.selenium.remote.RemoteWebDriver$RemoteWebDriverOptions$RemoteWindow.maximize(RemoteWebDriver.java:837)
at Baselibrary.Baselibrary.getLaunchUrl(Baselibrary.java:51)
at test.Logintest.getLaunchtestingBaba(Logintest.java:19)
... Removed 25 stack frames]]>
    </failure>
  </testcase> <!-- @BeforeTest getLaunchtestingBaba -->
  <testcase classname="Baselibrary.Baselibrary" name="@AfterMethod getanalysis" time="-1.669065583197E9">
    <skipped/>
  </testcase> <!-- @AfterMethod getanalysis -->
  <testcase classname="Baselibrary.Baselibrary" name="@AfterMethod getanalysis" time="-1.669065583216E9">
    <skipped/>
  </testcase> <!-- @AfterMethod getanalysis -->
  <testcase classname="Baselibrary.Baselibrary" name="@AfterMethod getanalysis" time="-1.669065583355E9">
    <skipped/>
  </testcase> <!-- @AfterMethod getanalysis -->
  <testcase classname="Baselibrary.Baselibrary" name="@AfterMethod getanalysis" time="-1.669065583392E9">
    <skipped/>
  </testcase> <!-- @AfterMethod getanalysis -->
  <testcase classname="Baselibrary.Baselibrary" name="@AfterMethod getanalysis" time="-1.669065583437E9">
    <skipped/>
  </testcase> <!-- @AfterMethod getanalysis -->
  <testcase classname="Baselibrary.Baselibrary" name="@AfterMethod getanalysis" time="-1.669065583467E9">
    <skipped/>
  </testcase> <!-- @AfterMethod getanalysis -->
  <testcase classname="Baselibrary.Baselibrary" name="@AfterMethod getanalysis" time="-1.669065583497E9">
    <skipped/>
  </testcase> <!-- @AfterMethod getanalysis -->
  <testcase classname="Baselibrary.Baselibrary" name="@AfterMethod getanalysis" time="-1.669065583533E9">
    <skipped/>
  </testcase> <!-- @AfterMethod getanalysis -->
  <testcase classname="Baselibrary.Baselibrary" name="@AfterMethod getanalysis" time="-1.669065583565E9">
    <skipped/>
  </testcase> <!-- @AfterMethod getanalysis -->
  <testcase classname="Baselibrary.Baselibrary" name="@AfterMethod getanalysis" time="-1.669065583588E9">
    <skipped/>
  </testcase> <!-- @AfterMethod getanalysis -->
  <testcase classname="Baselibrary.Baselibrary" name="@AfterMethod getanalysis" time="-1.669065583607E9">
    <skipped/>
  </testcase> <!-- @AfterMethod getanalysis -->
  <testcase classname="Baselibrary.Baselibrary" name="@AfterMethod getanalysis" time="-1.669065583643E9">
    <skipped/>
  </testcase> <!-- @AfterMethod getanalysis -->
  <testcase classname="Baselibrary.Baselibrary" name="@AfterMethod getanalysis" time="-1.669065583671E9">
    <skipped/>
  </testcase> <!-- @AfterMethod getanalysis -->
  <testcase classname="Baselibrary.Baselibrary" name="@AfterMethod getanalysis" time="-1.6690655837E9">
    <skipped/>
  </testcase> <!-- @AfterMethod getanalysis -->
  <testcase classname="Baselibrary.Baselibrary" name="@AfterMethod getanalysis" time="-1.669065583718E9">
    <skipped/>
  </testcase> <!-- @AfterMethod getanalysis -->
  <testcase classname="Baselibrary.Baselibrary" name="@AfterMethod getanalysis" time="-1.66906558374E9">
    <skipped/>
  </testcase> <!-- @AfterMethod getanalysis -->
  <testcase classname="Baselibrary.Baselibrary" name="@AfterMethod getanalysis" time="-1.669065583753E9">
    <skipped/>
  </testcase> <!-- @AfterMethod getanalysis -->
  <testcase classname="Baselibrary.Baselibrary" name="@AfterMethod getanalysis" time="-1.669065583766E9">
    <skipped/>
  </testcase> <!-- @AfterMethod getanalysis -->
  <testcase classname="Baselibrary.Baselibrary" name="@AfterMethod getanalysis" time="-1.669065583776E9">
    <skipped/>
  </testcase> <!-- @AfterMethod getanalysis -->
  <testcase classname="Baselibrary.Baselibrary" name="@AfterMethod getanalysis" time="-1.669065583787E9">
    <skipped/>
  </testcase> <!-- @AfterMethod getanalysis -->
  <testcase classname="Baselibrary.Baselibrary" name="@AfterMethod getanalysis" time="-1.669065583796E9">
    <skipped/>
  </testcase> <!-- @AfterMethod getanalysis -->
  <testcase classname="Baselibrary.Baselibrary" name="@AfterMethod getanalysis" time="-1.669065583809E9">
    <skipped/>
  </testcase> <!-- @AfterMethod getanalysis -->
  <testcase classname="Baselibrary.Baselibrary" name="@AfterMethod getanalysis" time="-1.669065583817E9">
    <skipped/>
  </testcase> <!-- @AfterMethod getanalysis -->
  <testcase classname="Baselibrary.Baselibrary" name="@AfterMethod getanalysis" time="-1.669065583833E9">
    <skipped/>
  </testcase> <!-- @AfterMethod getanalysis -->
  <testcase classname="Baselibrary.Baselibrary" name="@AfterMethod getanalysis" time="-1.669065583847E9">
    <skipped/>
  </testcase> <!-- @AfterMethod getanalysis -->
  <testcase classname="Baselibrary.Baselibrary" name="@AfterMethod getanalysis" time="-1.669065583859E9">
    <skipped/>
  </testcase> <!-- @AfterMethod getanalysis -->
  <testcase classname="Baselibrary.Baselibrary" name="@AfterMethod getanalysis" time="-1.669065583873E9">
    <skipped/>
  </testcase> <!-- @AfterMethod getanalysis -->
  <testcase classname="Baselibrary.Baselibrary" name="@AfterMethod getanalysis" time="-1.669065583891E9">
    <skipped/>
  </testcase> <!-- @AfterMethod getanalysis -->
  <testcase classname="Baselibrary.Baselibrary" name="@AfterMethod getanalysis" time="-1.669065583905E9">
    <skipped/>
  </testcase> <!-- @AfterMethod getanalysis -->
  <testcase classname="Baselibrary.Baselibrary" name="@AfterMethod getanalysis" time="-1.669065583913E9">
    <skipped/>
  </testcase> <!-- @AfterMethod getanalysis -->
  <testcase classname="Baselibrary.Baselibrary" name="@AfterMethod getanalysis" time="-1.669065583921E9">
    <skipped/>
  </testcase> <!-- @AfterMethod getanalysis -->
  <testcase classname="Baselibrary.Baselibrary" name="@AfterMethod getanalysis" time="-1.669065583931E9">
    <skipped/>
  </testcase> <!-- @AfterMethod getanalysis -->
  <testcase classname="Baselibrary.Baselibrary" name="@AfterMethod getanalysis" time="-1.669065583938E9">
    <skipped/>
  </testcase> <!-- @AfterMethod getanalysis -->
  <testcase classname="Baselibrary.Baselibrary" name="@AfterMethod getanalysis" time="-1.669065583947E9">
    <skipped/>
  </testcase> <!-- @AfterMethod getanalysis -->
  <testcase classname="Baselibrary.Baselibrary" name="@AfterMethod getanalysis" time="-1.669065583956E9">
    <skipped/>
  </testcase> <!-- @AfterMethod getanalysis -->
  <testcase classname="Baselibrary.Baselibrary" name="@AfterMethod getanalysis" time="-1.669065583963E9">
    <skipped/>
  </testcase> <!-- @AfterMethod getanalysis -->
  <testcase classname="Baselibrary.Baselibrary" name="@AfterMethod getanalysis" time="-1.669065583971E9">
    <skipped/>
  </testcase> <!-- @AfterMethod getanalysis -->
  <testcase classname="Baselibrary.Baselibrary" name="@AfterMethod getanalysis" time="-1.669065583982E9">
    <skipped/>
  </testcase> <!-- @AfterMethod getanalysis -->
  <testcase classname="Baselibrary.Baselibrary" name="@AfterMethod getanalysis" time="-1.669065583991E9">
    <skipped/>
  </testcase> <!-- @AfterMethod getanalysis -->
  <testcase classname="Baselibrary.Baselibrary" name="@AfterMethod getanalysis" time="-1.669065583999E9">
    <skipped/>
  </testcase> <!-- @AfterMethod getanalysis -->
  <testcase classname="Baselibrary.Baselibrary" name="@AfterMethod getanalysis" time="-1.669065584011E9">
    <skipped/>
  </testcase> <!-- @AfterMethod getanalysis -->
  <testcase classname="Baselibrary.Baselibrary" name="@AfterMethod getanalysis" time="-1.669065584021E9">
    <skipped/>
  </testcase> <!-- @AfterMethod getanalysis -->
  <testcase classname="Baselibrary.Baselibrary" name="@AfterMethod getanalysis" time="-1.669065584033E9">
    <skipped/>
  </testcase> <!-- @AfterMethod getanalysis -->
  <testcase classname="Baselibrary.Baselibrary" name="@AfterMethod getanalysis" time="-1.669065584041E9">
    <skipped/>
  </testcase> <!-- @AfterMethod getanalysis -->
  <testcase classname="Baselibrary.Baselibrary" name="@AfterMethod getanalysis" time="-1.669065584048E9">
    <skipped/>
  </testcase> <!-- @AfterMethod getanalysis -->
  <testcase classname="Baselibrary.Baselibrary" name="@AfterMethod getanalysis" time="-1.669065584056E9">
    <skipped/>
  </testcase> <!-- @AfterMethod getanalysis -->
  <testcase classname="Baselibrary.Baselibrary" name="@AfterMethod getanalysis" time="-1.669065584063E9">
    <skipped/>
  </testcase> <!-- @AfterMethod getanalysis -->
  <testcase classname="Baselibrary.Baselibrary" name="@AfterMethod getanalysis" time="-1.66906558408E9">
    <skipped/>
  </testcase> <!-- @AfterMethod getanalysis -->
  <testcase classname="Baselibrary.Baselibrary" name="@AfterMethod getanalysis" time="-1.669065584094E9">
    <skipped/>
  </testcase> <!-- @AfterMethod getanalysis -->
  <testcase classname="Baselibrary.Baselibrary" name="@AfterMethod getanalysis" time="-1.669065584112E9">
    <skipped/>
  </testcase> <!-- @AfterMethod getanalysis -->
  <testcase classname="Baselibrary.Baselibrary" name="@AfterMethod getanalysis" time="-1.669065584128E9">
    <skipped/>
  </testcase> <!-- @AfterMethod getanalysis -->
  <testcase classname="Baselibrary.Baselibrary" name="@AfterMethod getanalysis" time="-1.669065584145E9">
    <skipped/>
  </testcase> <!-- @AfterMethod getanalysis -->
  <testcase classname="Baselibrary.Baselibrary" name="@AfterMethod getanalysis" time="-1.669065584165E9">
    <skipped/>
  </testcase> <!-- @AfterMethod getanalysis -->
  <testcase classname="Baselibrary.Baselibrary" name="@AfterMethod getanalysis" time="-1.669065584181E9">
    <skipped/>
  </testcase> <!-- @AfterMethod getanalysis -->
  <testcase classname="Baselibrary.Baselibrary" name="@AfterMethod getanalysis" time="-1.669065584203E9">
    <skipped/>
  </testcase> <!-- @AfterMethod getanalysis -->
  <testcase classname="Baselibrary.Baselibrary" name="@AfterMethod getanalysis" time="-1.669065584224E9">
    <skipped/>
  </testcase> <!-- @AfterMethod getanalysis -->
  <testcase classname="Baselibrary.Baselibrary" name="@AfterMethod getanalysis" time="-1.669065584243E9">
    <skipped/>
  </testcase> <!-- @AfterMethod getanalysis -->
  <testcase classname="Baselibrary.Baselibrary" name="@AfterMethod getanalysis" time="-1.669065584263E9">
    <skipped/>
  </testcase> <!-- @AfterMethod getanalysis -->
  <testcase classname="Baselibrary.Baselibrary" name="@AfterMethod getanalysis" time="-1.669065584291E9">
    <skipped/>
  </testcase> <!-- @AfterMethod getanalysis -->
  <testcase classname="Baselibrary.Baselibrary" name="@AfterMethod getanalysis" time="-1.669065584304E9">
    <skipped/>
  </testcase> <!-- @AfterMethod getanalysis -->
  <testcase classname="Baselibrary.Baselibrary" name="@AfterMethod getanalysis" time="-1.669065584309E9">
    <skipped/>
  </testcase> <!-- @AfterMethod getanalysis -->
  <testcase classname="Baselibrary.Baselibrary" name="@AfterMethod getanalysis" time="-1.669065584328E9">
    <skipped/>
  </testcase> <!-- @AfterMethod getanalysis -->
  <testcase classname="Baselibrary.Baselibrary" name="@AfterMethod getanalysis" time="-1.669065584344E9">
    <skipped/>
  </testcase> <!-- @AfterMethod getanalysis -->
  <testcase classname="Baselibrary.Baselibrary" name="@AfterMethod getanalysis" time="-1.669065584359E9">
    <skipped/>
  </testcase> <!-- @AfterMethod getanalysis -->
  <testcase classname="Baselibrary.Baselibrary" name="@AfterMethod getanalysis" time="-1.669065584367E9">
    <skipped/>
  </testcase> <!-- @AfterMethod getanalysis -->
  <testcase classname="Baselibrary.Baselibrary" name="@AfterMethod getanalysis" time="-1.669065584373E9">
    <skipped/>
  </testcase> <!-- @AfterMethod getanalysis -->
  <testcase classname="Baselibrary.Baselibrary" name="@AfterMethod getanalysis" time="-1.669065584384E9">
    <skipped/>
  </testcase> <!-- @AfterMethod getanalysis -->
  <testcase classname="Baselibrary.Baselibrary" name="@AfterMethod getanalysis" time="-1.669065584402E9">
    <skipped/>
  </testcase> <!-- @AfterMethod getanalysis -->
  <testcase classname="Baselibrary.Baselibrary" name="@AfterMethod getanalysis" time="-1.669065584418E9">
    <skipped/>
  </testcase> <!-- @AfterMethod getanalysis -->
  <testcase classname="Baselibrary.Baselibrary" name="@AfterMethod getanalysis" time="-1.669065584433E9">
    <skipped/>
  </testcase> <!-- @AfterMethod getanalysis -->
  <testcase classname="Baselibrary.Baselibrary" name="@AfterMethod getanalysis" time="-1.669065584447E9">
    <skipped/>
  </testcase> <!-- @AfterMethod getanalysis -->
  <testcase classname="Baselibrary.Baselibrary" name="@AfterMethod getanalysis" time="-1.669065584459E9">
    <skipped/>
  </testcase> <!-- @AfterMethod getanalysis -->
  <testcase classname="Baselibrary.Baselibrary" name="@AfterMethod getanalysis" time="-1.66906558447E9">
    <skipped/>
  </testcase> <!-- @AfterMethod getanalysis -->
  <testcase classname="Baselibrary.Baselibrary" name="@AfterMethod getanalysis" time="-1.669065584483E9">
    <skipped/>
  </testcase> <!-- @AfterMethod getanalysis -->
  <testcase classname="Baselibrary.Baselibrary" name="@AfterMethod getanalysis" time="-1.669065584489E9">
    <skipped/>
  </testcase> <!-- @AfterMethod getanalysis -->
  <testcase classname="Baselibrary.Baselibrary" name="@AfterMethod getanalysis" time="-1.669065584501E9">
    <skipped/>
  </testcase> <!-- @AfterMethod getanalysis -->
  <testcase classname="Baselibrary.Baselibrary" name="@AfterMethod getanalysis" time="-1.669065584517E9">
    <skipped/>
  </testcase> <!-- @AfterMethod getanalysis -->
  <testcase classname="Baselibrary.Baselibrary" name="@AfterMethod getanalysis" time="-1.669065584541E9">
    <skipped/>
  </testcase> <!-- @AfterMethod getanalysis -->
  <testcase classname="Baselibrary.Baselibrary" name="@AfterMethod getanalysis" time="-1.669065584554E9">
    <skipped/>
  </testcase> <!-- @AfterMethod getanalysis -->
  <testcase classname="Baselibrary.Baselibrary" name="@AfterMethod getanalysis" time="-1.66906558456E9">
    <skipped/>
  </testcase> <!-- @AfterMethod getanalysis -->
  <testcase classname="Baselibrary.Baselibrary" name="@AfterMethod getanalysis" time="-1.669065584573E9">
    <skipped/>
  </testcase> <!-- @AfterMethod getanalysis -->
  <testcase classname="Baselibrary.Baselibrary" name="@AfterMethod getanalysis" time="-1.6690655846E9">
    <skipped/>
  </testcase> <!-- @AfterMethod getanalysis -->
  <testcase classname="Baselibrary.Baselibrary" name="@AfterMethod getanalysis" time="-1.669065584608E9">
    <skipped/>
  </testcase> <!-- @AfterMethod getanalysis -->
  <testcase classname="Baselibrary.Baselibrary" name="@AfterMethod getanalysis" time="-1.669065584624E9">
    <skipped/>
  </testcase> <!-- @AfterMethod getanalysis -->
  <testcase classname="Baselibrary.Baselibrary" name="@AfterMethod getanalysis" time="-1.669065584645E9">
    <skipped/>
  </testcase> <!-- @AfterMethod getanalysis -->
  <testcase classname="Baselibrary.Baselibrary" name="@AfterMethod getanalysis" time="-1.669065584661E9">
    <skipped/>
  </testcase> <!-- @AfterMethod getanalysis -->
  <testcase classname="Baselibrary.Baselibrary" name="@AfterMethod getanalysis" time="-1.669065584696E9">
    <skipped/>
  </testcase> <!-- @AfterMethod getanalysis -->
  <testcase classname="Baselibrary.Baselibrary" name="@AfterMethod getanalysis" time="-1.6690655847E9">
    <skipped/>
  </testcase> <!-- @AfterMethod getanalysis -->
  <testcase classname="Baselibrary.Baselibrary" name="@AfterMethod getanalysis" time="-1.669065584702E9">
    <skipped/>
  </testcase> <!-- @AfterMethod getanalysis -->
  <testcase classname="Baselibrary.Baselibrary" name="@AfterMethod getanalysis" time="-1.669065584729E9">
    <skipped/>
  </testcase> <!-- @AfterMethod getanalysis -->
  <testcase classname="Baselibrary.Baselibrary" name="@AfterMethod getanalysis" time="-1.669065584737E9">
    <skipped/>
  </testcase> <!-- @AfterMethod getanalysis -->
  <testcase classname="Baselibrary.Baselibrary" name="@AfterMethod getanalysis" time="-1.669065584748E9">
    <skipped/>
  </testcase> <!-- @AfterMethod getanalysis -->
  <testcase classname="Baselibrary.Baselibrary" name="@AfterMethod getanalysis" time="-1.669065584753E9">
    <skipped/>
  </testcase> <!-- @AfterMethod getanalysis -->
  <testcase classname="Baselibrary.Baselibrary" name="@AfterMethod getanalysis" time="-1.669065584767E9">
    <skipped/>
  </testcase> <!-- @AfterMethod getanalysis -->
  <testcase classname="Baselibrary.Baselibrary" name="@AfterMethod getanalysis" time="-1.669065584779E9">
    <skipped/>
  </testcase> <!-- @AfterMethod getanalysis -->
  <testcase classname="Baselibrary.Baselibrary" name="@AfterMethod getanalysis" time="-1.669065584788E9">
    <skipped/>
  </testcase> <!-- @AfterMethod getanalysis -->
  <testcase classname="Baselibrary.Baselibrary" name="@AfterMethod getanalysis" time="-1.669065584799E9">
    <skipped/>
  </testcase> <!-- @AfterMethod getanalysis -->
  <testcase classname="Baselibrary.Baselibrary" name="@AfterMethod getanalysis" time="-1.669065584804E9">
    <skipped/>
  </testcase> <!-- @AfterMethod getanalysis -->
  <testcase classname="Baselibrary.Baselibrary" name="@AfterMethod getanalysis" time="-1.669065584813E9">
    <skipped/>
  </testcase> <!-- @AfterMethod getanalysis -->
  <testcase classname="Baselibrary.Baselibrary" name="@AfterMethod getanalysis" time="-1.66906558482E9">
    <skipped/>
  </testcase> <!-- @AfterMethod getanalysis -->
  <testcase classname="Baselibrary.Baselibrary" name="@AfterMethod getanalysis" time="-1.669065584832E9">
    <skipped/>
  </testcase> <!-- @AfterMethod getanalysis -->
  <testcase classname="test.Logintest" name="getTitle" time="0.0">
    <skipped/>
  </testcase> <!-- getTitle -->
  <testcase classname="test.Logintest" name="getTitle" time="0.0">
    <skipped/>
  </testcase> <!-- getTitle -->
  <testcase classname="test.Logintest" name="getTitle" time="0.0">
    <skipped/>
  </testcase> <!-- getTitle -->
  <testcase classname="test.Logintest" name="getTitle" time="0.0">
    <skipped/>
  </testcase> <!-- getTitle -->
  <testcase classname="test.Logintest" name="getTitle" time="0.0">
    <skipped/>
  </testcase> <!-- getTitle -->
  <testcase classname="test.Logintest" name="getTitle" time="0.0">
    <skipped/>
  </testcase> <!-- getTitle -->
  <testcase classname="test.Logintest" name="getTitle" time="0.0">
    <skipped/>
  </testcase> <!-- getTitle -->
  <testcase classname="test.Logintest" name="getTitle" time="0.0">
    <skipped/>
  </testcase> <!-- getTitle -->
  <testcase classname="test.Logintest" name="getTitle" time="0.0">
    <skipped/>
  </testcase> <!-- getTitle -->
  <testcase classname="test.Logintest" name="getTitle" time="0.0">
    <skipped/>
  </testcase> <!-- getTitle -->
  <testcase classname="test.Logintest" name="getTitle" time="0.0">
    <skipped/>
  </testcase> <!-- getTitle -->
  <testcase classname="test.Logintest" name="getTitle" time="0.0">
    <skipped/>
  </testcase> <!-- getTitle -->
  <testcase classname="test.Logintest" name="getTitle" time="0.0">
    <skipped/>
  </testcase> <!-- getTitle -->
  <testcase classname="test.Logintest" name="getTitle" time="0.0">
    <skipped/>
  </testcase> <!-- getTitle -->
  <testcase classname="test.Logintest" name="getTitle" time="0.0">
    <skipped/>
  </testcase> <!-- getTitle -->
  <testcase classname="test.Logintest" name="getTitle" time="0.0">
    <skipped/>
  </testcase> <!-- getTitle -->
  <testcase classname="test.Logintest" name="getTitle" time="0.0">
    <skipped/>
  </testcase> <!-- getTitle -->
  <testcase classname="test.Logintest" name="getTitle" time="0.0">
    <skipped/>
  </testcase> <!-- getTitle -->
  <testcase classname="test.Logintest" name="getTitle" time="0.0">
    <skipped/>
  </testcase> <!-- getTitle -->
  <testcase classname="test.Logintest" name="getTitle" time="0.0">
    <skipped/>
  </testcase> <!-- getTitle -->
  <testcase classname="test.Logintest" name="getTitle" time="0.0">
    <skipped/>
  </testcase> <!-- getTitle -->
  <testcase classname="test.Logintest" name="getTitle" time="0.0">
    <skipped/>
  </testcase> <!-- getTitle -->
  <testcase classname="test.Logintest" name="getTitle" time="0.0">
    <skipped/>
  </testcase> <!-- getTitle -->
  <testcase classname="test.Logintest" name="getTitle" time="0.0">
    <skipped/>
  </testcase> <!-- getTitle -->
  <testcase classname="test.Logintest" name="getTitle" time="0.001">
    <skipped/>
  </testcase> <!-- getTitle -->
  <testcase classname="test.Logintest" name="getTitle" time="0.0">
    <skipped/>
  </testcase> <!-- getTitle -->
  <testcase classname="test.Logintest" name="getTitle" time="0.0">
    <skipped/>
  </testcase> <!-- getTitle -->
  <testcase classname="test.Logintest" name="getTitle" time="0.0">
    <skipped/>
  </testcase> <!-- getTitle -->
  <testcase classname="test.Logintest" name="getTitle" time="0.0">
    <skipped/>
  </testcase> <!-- getTitle -->
  <testcase classname="test.Logintest" name="getTitle" time="0.0">
    <skipped/>
  </testcase> <!-- getTitle -->
  <testcase classname="test.Logintest" name="getTitle" time="0.0">
    <skipped/>
  </testcase> <!-- getTitle -->
  <testcase classname="test.Logintest" name="getTitle" time="0.0">
    <skipped/>
  </testcase> <!-- getTitle -->
  <testcase classname="test.Logintest" name="getTitle" time="0.0">
    <skipped/>
  </testcase> <!-- getTitle -->
  <testcase classname="test.Logintest" name="getTitle" time="0.0">
    <skipped/>
  </testcase> <!-- getTitle -->
  <testcase classname="test.Logintest" name="getTitle" time="0.0">
    <skipped/>
  </testcase> <!-- getTitle -->
  <testcase classname="test.Logintest" name="getTitle" time="0.0">
    <skipped/>
  </testcase> <!-- getTitle -->
  <testcase classname="test.Logintest" name="getTitle" time="0.0">
    <skipped/>
  </testcase> <!-- getTitle -->
  <testcase classname="test.Logintest" name="getTitle" time="0.0">
    <skipped/>
  </testcase> <!-- getTitle -->
  <testcase classname="test.Logintest" name="getTitle" time="0.0">
    <skipped/>
  </testcase> <!-- getTitle -->
  <testcase classname="test.Logintest" name="getTitle" time="0.0">
    <skipped/>
  </testcase> <!-- getTitle -->
  <testcase classname="test.Logintest" name="getTitle" time="0.0">
    <skipped/>
  </testcase> <!-- getTitle -->
  <testcase classname="test.Logintest" name="getTitle" time="0.0">
    <skipped/>
  </testcase> <!-- getTitle -->
  <testcase classname="test.Logintest" name="getTitle" time="0.0">
    <skipped/>
  </testcase> <!-- getTitle -->
  <testcase classname="test.Logintest" name="getTitle" time="0.0">
    <skipped/>
  </testcase> <!-- getTitle -->
  <testcase classname="test.Logintest" name="getTitle" time="0.0">
    <skipped/>
  </testcase> <!-- getTitle -->
  <testcase classname="test.Logintest" name="getTitle" time="0.0">
    <skipped/>
  </testcase> <!-- getTitle -->
  <testcase classname="test.Logintest" name="getTitle" time="0.0">
    <skipped/>
  </testcase> <!-- getTitle -->
  <testcase classname="test.Logintest" name="getTitle" time="0.0">
    <skipped/>
  </testcase> <!-- getTitle -->
  <testcase classname="test.Logintest" name="getTitle" time="0.0">
    <skipped/>
  </testcase> <!-- getTitle -->
  <testcase classname="test.Logintest" name="getTitle" time="0.0">
    <skipped/>
  </testcase> <!-- getTitle -->
  <testcase classname="test.Logintest" name="getTitle" time="0.001">
    <skipped/>
  </testcase> <!-- getTitle -->
  <testcase classname="test.Logintest" name="getTitle" time="0.0">
    <skipped/>
  </testcase> <!-- getTitle -->
  <testcase classname="test.Logintest" name="getTitle" time="0.0">
    <skipped/>
  </testcase> <!-- getTitle -->
  <testcase classname="test.Logintest" name="getTitle" time="0.0">
    <skipped/>
  </testcase> <!-- getTitle -->
  <testcase classname="test.Logintest" name="getTitle" time="0.0">
    <skipped/>
  </testcase> <!-- getTitle -->
  <testcase classname="test.Logintest" name="getTitle" time="0.0">
    <skipped/>
  </testcase> <!-- getTitle -->
  <testcase classname="test.Logintest" name="getTitle" time="0.0">
    <skipped/>
  </testcase> <!-- getTitle -->
  <testcase classname="test.Logintest" name="getTitle" time="0.0">
    <skipped/>
  </testcase> <!-- getTitle -->
  <testcase classname="test.Logintest" name="getTitle" time="0.0">
    <skipped/>
  </testcase> <!-- getTitle -->
  <testcase classname="test.Logintest" name="getTitle" time="0.0">
    <skipped/>
  </testcase> <!-- getTitle -->
  <testcase classname="test.Logintest" name="getTitle" time="0.0">
    <skipped/>
  </testcase> <!-- getTitle -->
  <testcase classname="test.Logintest" name="getTitle" time="0.0">
    <skipped/>
  </testcase> <!-- getTitle -->
  <testcase classname="test.Logintest" name="getTitle" time="0.0">
    <skipped/>
  </testcase> <!-- getTitle -->
  <testcase classname="test.Logintest" name="getTitle" time="0.0">
    <skipped/>
  </testcase> <!-- getTitle -->
  <testcase classname="test.Logintest" name="getTitle" time="0.0">
    <skipped/>
  </testcase> <!-- getTitle -->
  <testcase classname="test.Logintest" name="getTitle" time="0.0">
    <skipped/>
  </testcase> <!-- getTitle -->
  <testcase classname="test.Logintest" name="getTitle" time="0.0">
    <skipped/>
  </testcase> <!-- getTitle -->
  <testcase classname="test.Logintest" name="getTitle" time="0.0">
    <skipped/>
  </testcase> <!-- getTitle -->
  <testcase classname="test.Logintest" name="getTitle" time="0.0">
    <skipped/>
  </testcase> <!-- getTitle -->
  <testcase classname="test.Logintest" name="getTitle" time="0.0">
    <skipped/>
  </testcase> <!-- getTitle -->
  <testcase classname="test.Logintest" name="getTitle" time="0.0">
    <skipped/>
  </testcase> <!-- getTitle -->
  <testcase classname="test.Logintest" name="getTitle" time="0.0">
    <skipped/>
  </testcase> <!-- getTitle -->
  <testcase classname="test.Logintest" name="getTitle" time="0.0">
    <skipped/>
  </testcase> <!-- getTitle -->
  <testcase classname="test.Logintest" name="getTitle" time="0.0">
    <skipped/>
  </testcase> <!-- getTitle -->
  <testcase classname="test.Logintest" name="getTitle" time="0.0">
    <skipped/>
  </testcase> <!-- getTitle -->
  <testcase classname="test.Logintest" name="getTitle" time="0.0">
    <skipped/>
  </testcase> <!-- getTitle -->
  <testcase classname="test.Logintest" name="getTitle" time="0.0">
    <skipped/>
  </testcase> <!-- getTitle -->
  <testcase classname="test.Logintest" name="getTitle" time="0.0">
    <skipped/>
  </testcase> <!-- getTitle -->
  <testcase classname="test.Logintest" name="getTitle" time="0.0">
    <skipped/>
  </testcase> <!-- getTitle -->
  <testcase classname="test.Logintest" name="getTitle" time="0.0">
    <skipped/>
  </testcase> <!-- getTitle -->
  <testcase classname="test.Logintest" name="getTitle" time="0.0">
    <skipped/>
  </testcase> <!-- getTitle -->
  <testcase classname="test.Logintest" name="getTitle" time="0.0">
    <skipped/>
  </testcase> <!-- getTitle -->
  <testcase classname="test.Logintest" name="getTitle" time="0.0">
    <skipped/>
  </testcase> <!-- getTitle -->
  <testcase classname="test.Logintest" name="getTitle" time="0.0">
    <skipped/>
  </testcase> <!-- getTitle -->
  <testcase classname="test.Logintest" name="getTitle" time="0.0">
    <skipped/>
  </testcase> <!-- getTitle -->
  <testcase classname="test.Logintest" name="getTitle" time="0.0">
    <skipped/>
  </testcase> <!-- getTitle -->
  <testcase classname="test.Logintest" name="getTitle" time="0.0">
    <skipped/>
  </testcase> <!-- getTitle -->
  <testcase classname="test.Logintest" name="getTitle" time="0.0">
    <skipped/>
  </testcase> <!-- getTitle -->
  <testcase classname="test.Logintest" name="getTitle" time="0.0">
    <skipped/>
  </testcase> <!-- getTitle -->
  <testcase classname="test.Logintest" name="getTitle" time="0.0">
    <skipped/>
  </testcase> <!-- getTitle -->
  <testcase classname="test.Logintest" name="getTitle" time="0.0">
    <skipped/>
  </testcase> <!-- getTitle -->
  <testcase classname="test.Logintest" name="getTitle" time="0.0">
    <skipped/>
  </testcase> <!-- getTitle -->
  <testcase classname="test.Logintest" name="getTitle" time="0.0">
    <skipped/>
  </testcase> <!-- getTitle -->
  <testcase classname="test.Logintest" name="getTitle" time="0.0">
    <skipped/>
  </testcase> <!-- getTitle -->
  <testcase classname="test.Logintest" name="getTitle" time="0.0">
    <skipped/>
  </testcase> <!-- getTitle -->
  <testcase classname="test.Logintest" name="getTitle" time="0.0">
    <skipped/>
  </testcase> <!-- getTitle -->
  <testcase classname="test.Logintest" name="getTitle" time="0.0">
    <skipped/>
  </testcase> <!-- getTitle -->
  <testcase classname="test.Logintest" name="getTitle" time="0.0">
    <skipped/>
  </testcase> <!-- getTitle -->
  <testcase classname="test.Logintest" name="getTitle" time="0.0">
    <skipped/>
  </testcase> <!-- getTitle -->
  <testcase classname="test.Logintest" name="getTitle" time="0.0">
    <skipped/>
  </testcase> <!-- getTitle -->
  <testcase classname="test.Logintest" name="clickonElements" time="0.0">
    <skipped/>
  </testcase> <!-- clickonElements -->
</testsuite> <!-- test.Logintest -->
