<?xml version="1.0" encoding="UTF-8"?>
<!-- Generated by org.testng.reporters.JUnitXMLReporter -->
<testsuite ignored="0" hostname="DESKTOP-A020C06" failures="0" tests="3" name="test.upload_download_test" time="13.295" errors="0" timestamp="2022-11-12T00:47:46 IST">
  <testcase classname="test.upload_download_test" name="clickonElements" time="0.068"/>
  <testcase classname="test.upload_download_test" name="clickonuploadanddownload" time="0.1"/>
  <testcase classname="test.upload_download_test" name="clickonchoosefile" time="1.507"/>
</testsuite> <!-- test.upload_download_test -->
