<?xml version="1.0" encoding="UTF-8"?>
<!-- Generated by org.testng.reporters.JUnitXMLReporter -->
<testsuite ignored="0" hostname="Hemendra" failures="0" tests="5" name="test.Datapicker_test" time="15.526" errors="0" timestamp="2023-04-17T23:36:49 IST">
  <testcase classname="test.Datapicker_test" name="clickonwidgets" time="0.162"/>
  <testcase classname="test.Datapicker_test" name="clickondatapicker" time="0.097"/>
  <testcase classname="test.Datapicker_test" name="clickonselectdate" time="0.319"/>
  <testcase classname="test.Datapicker_test" name="selectdate_timePS" time="0.142"/>
  <testcase classname="test.Datapicker_test" name="selectgetdate_time" time="0.399"/>
</testsuite> <!-- test.Datapicker_test -->
