<?xml version="1.0" encoding="UTF-8"?>
<!-- Generated by org.testng.reporters.JUnitXMLReporter -->
<testsuite ignored="0" hostname="Hemendra" failures="0" tests="5" name="test.RadioButton_test" time="34.288" errors="0" timestamp="2023-04-17T23:33:10 IST">
  <testcase classname="test.RadioButton_test" name="clickonElements" time="2.72"/>
  <testcase classname="test.RadioButton_test" name="clickonRadioButton" time="2.125"/>
  <testcase classname="test.RadioButton_test" name="clickonYesButton" time="2.157"/>
  <testcase classname="test.RadioButton_test" name="clickonImpressiveButton" time="2.11"/>
  <testcase classname="test.RadioButton_test" name="clickonNoButton" time="2.095"/>
</testsuite> <!-- test.RadioButton_test -->
