<?xml version="1.0" encoding="UTF-8"?>
<!-- Generated by org.testng.reporters.JUnitXMLReporter -->
<testsuite ignored="0" hostname="Hemendra" failures="0" tests="5" name="test.ProgressBar_test" time="12.661" errors="0" timestamp="2022-12-21T05:51:50 IST">
  <testcase classname="test.ProgressBar_test" name="clickonwidgets" time="0.058"/>
  <testcase classname="test.ProgressBar_test" name="clickonprogressbarbutton" time="0.069"/>
  <testcase classname="test.ProgressBar_test" name="widthbeforestart" time="0.058"/>
  <testcase classname="test.ProgressBar_test" name="clickonStart" time="2.063"/>
  <testcase classname="test.ProgressBar_test" name="widthafterstart" time="0.035"/>
</testsuite> <!-- test.ProgressBar_test -->
