<?xml version="1.0" encoding="UTF-8"?>
<!-- Generated by org.testng.reporters.JUnitXMLReporter -->
<testsuite ignored="0" hostname="DESKTOP-A020C06" failures="0" tests="5" name="test.Tab_test" time="26.345" errors="0" timestamp="2022-11-29T17:52:28 IST">
  <testcase classname="test.Tab_test" name="clickonwidgets" time="0.2"/>
  <testcase classname="test.Tab_test" name="clickonTab" time="0.155"/>
  <testcase classname="test.Tab_test" name="gettextTab1" time="2.174"/>
  <testcase classname="test.Tab_test" name="gettextTab2" time="2.309"/>
  <testcase classname="test.Tab_test" name="gettextTab3" time="2.253"/>
</testsuite> <!-- test.Tab_test -->
