<?xml version="1.0" encoding="UTF-8"?>
<!-- Generated by org.testng.reporters.JUnitXMLReporter -->
<testsuite ignored="0" hostname="DESKTOP-A020C06" failures="0" tests="4" name="test.Frame_test" time="18.323" errors="0" timestamp="2022-10-13T22:36:18 IST">
  <testcase classname="test.Frame_test" name="clickonalertframebutton" time="0.115"/>
  <testcase classname="test.Frame_test" name="clickonframe" time="0.204"/>
  <testcase classname="test.Frame_test" name="enterinchildframe2" time="0.249"/>
  <testcase classname="test.Frame_test" name="enterinparentframe1" time="0.111"/>
</testsuite> <!-- test.Frame_test -->
