<?xml version="1.0" encoding="UTF-8"?>
<!-- Generated by org.testng.reporters.JUnitXMLReporter -->
<testsuite ignored="0" hostname="Hemendra" failures="0" tests="5" name="test.WebTables_test" time="25.803" errors="0" timestamp="2023-04-17T23:33:35 IST">
  <testcase classname="test.WebTables_test" name="clickonElements" time="2.085"/>
  <testcase classname="test.WebTables_test" name="clickonWebTablesbutton" time="1.218"/>
  <testcase classname="test.WebTables_test" name="filldetails" time="3.007"/>
  <testcase classname="test.WebTables_test" name="editdetails" time="3.849"/>
  <testcase classname="test.WebTables_test" name="matched_Data" time="2.016"/>
</testsuite> <!-- test.WebTables_test -->
