<?xml version="1.0" encoding="UTF-8"?>
<!-- Generated by org.testng.reporters.JUnitXMLReporter -->
<testsuite ignored="0" hostname="DESKTOP-A020C06" failures="0" tests="6" name="test.SelectMenu_test" time="13.642" errors="0" timestamp="2022-11-25T18:44:01 IST">
  <testcase classname="test.SelectMenu_test" name="clickonwidget" time="0.066"/>
  <testcase classname="test.SelectMenu_test" name="clickonselectmenu" time="0.137"/>
  <testcase classname="test.SelectMenu_test" name="clickonselectbyvalue" time="0.442"/>
  <testcase classname="test.SelectMenu_test" name="clickonselectbyone" time="0.476"/>
  <testcase classname="test.SelectMenu_test" name="clickonmultiselect" time="0.395"/>
  <testcase classname="test.SelectMenu_test" name="clickonmultiselectrobotclass" time="0.357"/>
</testsuite> <!-- test.SelectMenu_test -->
