<?xml version="1.0" encoding="UTF-8"?>
<!-- Generated by org.testng.reporters.JUnitXMLReporter -->
<testsuite ignored="0" hostname="Hemendra" failures="0" tests="5" name="test.Button_test" time="29.845" errors="0" timestamp="2023-04-17T23:34:05 IST">
  <testcase classname="test.Button_test" name="clickonElements" time="1.084"/>
  <testcase classname="test.Button_test" name="clickonButton" time="1.124"/>
  <testcase classname="test.Button_test" name="clickondoubleclick" time="1.205"/>
  <testcase classname="test.Button_test" name="clickonrightclick" time="1.28"/>
  <testcase classname="test.Button_test" name="clickonclickme" time="1.124"/>
</testsuite> <!-- test.Button_test -->
