<?xml version="1.0" encoding="UTF-8"?>
<!-- Generated by org.testng.reporters.JUnitXMLReporter -->
<testsuite ignored="0" hostname="Hemendra" failures="0" tests="6" name="test.SelectMenu_test" time="31.985" errors="0" timestamp="2023-04-17T23:36:18 IST">
  <testcase classname="test.SelectMenu_test" name="clickonwidget" time="0.087"/>
  <testcase classname="test.SelectMenu_test" name="clickonselectmenu" time="0.169"/>
  <testcase classname="test.SelectMenu_test" name="clickonselectbyvalue" time="0.585"/>
  <testcase classname="test.SelectMenu_test" name="clickonselectbyone" time="0.708"/>
  <testcase classname="test.SelectMenu_test" name="clickonmultiselect" time="0.896"/>
  <testcase classname="test.SelectMenu_test" name="clickonmultiselectrobotclass" time="0.311"/>
</testsuite> <!-- test.SelectMenu_test -->
