<?xml version="1.0" encoding="UTF-8"?>
<testng-results ignored="0" total="101" passed="101" failed="0" skipped="0">
  <reporter-output>
  </reporter-output>
  <suite started-at="2023-05-01T20:01:52 IST" name="Default suite" finished-at="2023-05-01T20:02:30 IST" duration-ms="38732">
    <groups>
    </groups>
    <test started-at="2023-05-01T20:01:52 IST" name="Default test" finished-at="2023-05-01T20:02:30 IST" duration-ms="38732">
      <class name="test.Logintest">
        <test-method is-config="true" signature="getLaunchtestingBaba()[pri:0, instance:test.Logintest@9597028]" started-at="2023-05-01T20:01:52 IST" name="getLaunchtestingBaba" finished-at="2023-05-01T20:02:13 IST" duration-ms="21673" status="PASS">
          <reporter-output>
          </reporter-output>
        </test-method> <!-- getLaunchtestingBaba -->
        <test-method signature="getTitle()[pri:0, instance:test.Logintest@9597028]" started-at="2023-05-01T20:02:13 IST" name="getTitle" finished-at="2023-05-01T20:02:13 IST" duration-ms="35" status="PASS">
          <reporter-output>
          </reporter-output>
        </test-method> <!-- getTitle -->
        <test-method is-config="true" signature="getanalysis(org.testng.ITestResult)[pri:0, instance:test.Logintest@9597028]" started-at="2023-05-01T20:02:13 IST" name="getanalysis" finished-at="2023-05-01T20:02:14 IST" duration-ms="329" status="PASS">
          <params>
            <param index="0">
              <value>
                <![CDATA[[TestResult name=getTitle status=SUCCESS method=Logintest.getTitle()[pri:0, instance:test.Logintest@9597028] output={null}]]]>
              </value>
            </param>
          </params>
          <reporter-output>
          </reporter-output>
        </test-method> <!-- getanalysis -->
        <test-method signature="getTitle()[pri:0, instance:test.Logintest@9597028]" started-at="2023-05-01T20:02:14 IST" name="getTitle" finished-at="2023-05-01T20:02:14 IST" duration-ms="11" status="PASS">
          <reporter-output>
          </reporter-output>
        </test-method> <!-- getTitle -->
        <test-method is-config="true" signature="getanalysis(org.testng.ITestResult)[pri:0, instance:test.Logintest@9597028]" started-at="2023-05-01T20:02:14 IST" name="getanalysis" finished-at="2023-05-01T20:02:14 IST" duration-ms="144" status="PASS">
          <params>
            <param index="0">
              <value>
                <![CDATA[[TestResult name=getTitle status=SUCCESS method=Logintest.getTitle()[pri:0, instance:test.Logintest@9597028] output={null}]]]>
              </value>
            </param>
          </params>
          <reporter-output>
          </reporter-output>
        </test-method> <!-- getanalysis -->
        <test-method signature="getTitle()[pri:0, instance:test.Logintest@9597028]" started-at="2023-05-01T20:02:14 IST" name="getTitle" finished-at="2023-05-01T20:02:14 IST" duration-ms="12" status="PASS">
          <reporter-output>
          </reporter-output>
        </test-method> <!-- getTitle -->
        <test-method is-config="true" signature="getanalysis(org.testng.ITestResult)[pri:0, instance:test.Logintest@9597028]" started-at="2023-05-01T20:02:14 IST" name="getanalysis" finished-at="2023-05-01T20:02:14 IST" duration-ms="145" status="PASS">
          <params>
            <param index="0">
              <value>
                <![CDATA[[TestResult name=getTitle status=SUCCESS method=Logintest.getTitle()[pri:0, instance:test.Logintest@9597028] output={null}]]]>
              </value>
            </param>
          </params>
          <reporter-output>
          </reporter-output>
        </test-method> <!-- getanalysis -->
        <test-method signature="getTitle()[pri:0, instance:test.Logintest@9597028]" started-at="2023-05-01T20:02:14 IST" name="getTitle" finished-at="2023-05-01T20:02:14 IST" duration-ms="12" status="PASS">
          <reporter-output>
          </reporter-output>
        </test-method> <!-- getTitle -->
        <test-method is-config="true" signature="getanalysis(org.testng.ITestResult)[pri:0, instance:test.Logintest@9597028]" started-at="2023-05-01T20:02:14 IST" name="getanalysis" finished-at="2023-05-01T20:02:14 IST" duration-ms="150" status="PASS">
          <params>
            <param index="0">
              <value>
                <![CDATA[[TestResult name=getTitle status=SUCCESS method=Logintest.getTitle()[pri:0, instance:test.Logintest@9597028] output={null}]]]>
              </value>
            </param>
          </params>
          <reporter-output>
          </reporter-output>
        </test-method> <!-- getanalysis -->
        <test-method signature="getTitle()[pri:0, instance:test.Logintest@9597028]" started-at="2023-05-01T20:02:14 IST" name="getTitle" finished-at="2023-05-01T20:02:14 IST" duration-ms="9" status="PASS">
          <reporter-output>
          </reporter-output>
        </test-method> <!-- getTitle -->
        <test-method is-config="true" signature="getanalysis(org.testng.ITestResult)[pri:0, instance:test.Logintest@9597028]" started-at="2023-05-01T20:02:14 IST" name="getanalysis" finished-at="2023-05-01T20:02:14 IST" duration-ms="133" status="PASS">
          <params>
            <param index="0">
              <value>
                <![CDATA[[TestResult name=getTitle status=SUCCESS method=Logintest.getTitle()[pri:0, instance:test.Logintest@9597028] output={null}]]]>
              </value>
            </param>
          </params>
          <reporter-output>
          </reporter-output>
        </test-method> <!-- getanalysis -->
        <test-method signature="getTitle()[pri:0, instance:test.Logintest@9597028]" started-at="2023-05-01T20:02:14 IST" name="getTitle" finished-at="2023-05-01T20:02:14 IST" duration-ms="11" status="PASS">
          <reporter-output>
          </reporter-output>
        </test-method> <!-- getTitle -->
        <test-method is-config="true" signature="getanalysis(org.testng.ITestResult)[pri:0, instance:test.Logintest@9597028]" started-at="2023-05-01T20:02:14 IST" name="getanalysis" finished-at="2023-05-01T20:02:14 IST" duration-ms="131" status="PASS">
          <params>
            <param index="0">
              <value>
                <![CDATA[[TestResult name=getTitle status=SUCCESS method=Logintest.getTitle()[pri:0, instance:test.Logintest@9597028] output={null}]]]>
              </value>
            </param>
          </params>
          <reporter-output>
          </reporter-output>
        </test-method> <!-- getanalysis -->
        <test-method signature="getTitle()[pri:0, instance:test.Logintest@9597028]" started-at="2023-05-01T20:02:14 IST" name="getTitle" finished-at="2023-05-01T20:02:14 IST" duration-ms="8" status="PASS">
          <reporter-output>
          </reporter-output>
        </test-method> <!-- getTitle -->
        <test-method is-config="true" signature="getanalysis(org.testng.ITestResult)[pri:0, instance:test.Logintest@9597028]" started-at="2023-05-01T20:02:14 IST" name="getanalysis" finished-at="2023-05-01T20:02:15 IST" duration-ms="125" status="PASS">
          <params>
            <param index="0">
              <value>
                <![CDATA[[TestResult name=getTitle status=SUCCESS method=Logintest.getTitle()[pri:0, instance:test.Logintest@9597028] output={null}]]]>
              </value>
            </param>
          </params>
          <reporter-output>
          </reporter-output>
        </test-method> <!-- getanalysis -->
        <test-method signature="getTitle()[pri:0, instance:test.Logintest@9597028]" started-at="2023-05-01T20:02:15 IST" name="getTitle" finished-at="2023-05-01T20:02:15 IST" duration-ms="8" status="PASS">
          <reporter-output>
          </reporter-output>
        </test-method> <!-- getTitle -->
        <test-method is-config="true" signature="getanalysis(org.testng.ITestResult)[pri:0, instance:test.Logintest@9597028]" started-at="2023-05-01T20:02:15 IST" name="getanalysis" finished-at="2023-05-01T20:02:15 IST" duration-ms="121" status="PASS">
          <params>
            <param index="0">
              <value>
                <![CDATA[[TestResult name=getTitle status=SUCCESS method=Logintest.getTitle()[pri:0, instance:test.Logintest@9597028] output={null}]]]>
              </value>
            </param>
          </params>
          <reporter-output>
          </reporter-output>
        </test-method> <!-- getanalysis -->
        <test-method signature="getTitle()[pri:0, instance:test.Logintest@9597028]" started-at="2023-05-01T20:02:15 IST" name="getTitle" finished-at="2023-05-01T20:02:15 IST" duration-ms="9" status="PASS">
          <reporter-output>
          </reporter-output>
        </test-method> <!-- getTitle -->
        <test-method is-config="true" signature="getanalysis(org.testng.ITestResult)[pri:0, instance:test.Logintest@9597028]" started-at="2023-05-01T20:02:15 IST" name="getanalysis" finished-at="2023-05-01T20:02:15 IST" duration-ms="218" status="PASS">
          <params>
            <param index="0">
              <value>
                <![CDATA[[TestResult name=getTitle status=SUCCESS method=Logintest.getTitle()[pri:0, instance:test.Logintest@9597028] output={null}]]]>
              </value>
            </param>
          </params>
          <reporter-output>
          </reporter-output>
        </test-method> <!-- getanalysis -->
        <test-method signature="getTitle()[pri:0, instance:test.Logintest@9597028]" started-at="2023-05-01T20:02:15 IST" name="getTitle" finished-at="2023-05-01T20:02:15 IST" duration-ms="48" status="PASS">
          <reporter-output>
          </reporter-output>
        </test-method> <!-- getTitle -->
        <test-method is-config="true" signature="getanalysis(org.testng.ITestResult)[pri:0, instance:test.Logintest@9597028]" started-at="2023-05-01T20:02:15 IST" name="getanalysis" finished-at="2023-05-01T20:02:15 IST" duration-ms="172" status="PASS">
          <params>
            <param index="0">
              <value>
                <![CDATA[[TestResult name=getTitle status=SUCCESS method=Logintest.getTitle()[pri:0, instance:test.Logintest@9597028] output={null}]]]>
              </value>
            </param>
          </params>
          <reporter-output>
          </reporter-output>
        </test-method> <!-- getanalysis -->
        <test-method signature="getTitle()[pri:0, instance:test.Logintest@9597028]" started-at="2023-05-01T20:02:15 IST" name="getTitle" finished-at="2023-05-01T20:02:15 IST" duration-ms="15" status="PASS">
          <reporter-output>
          </reporter-output>
        </test-method> <!-- getTitle -->
        <test-method is-config="true" signature="getanalysis(org.testng.ITestResult)[pri:0, instance:test.Logintest@9597028]" started-at="2023-05-01T20:02:15 IST" name="getanalysis" finished-at="2023-05-01T20:02:15 IST" duration-ms="173" status="PASS">
          <params>
            <param index="0">
              <value>
                <![CDATA[[TestResult name=getTitle status=SUCCESS method=Logintest.getTitle()[pri:0, instance:test.Logintest@9597028] output={null}]]]>
              </value>
            </param>
          </params>
          <reporter-output>
          </reporter-output>
        </test-method> <!-- getanalysis -->
        <test-method signature="getTitle()[pri:0, instance:test.Logintest@9597028]" started-at="2023-05-01T20:02:15 IST" name="getTitle" finished-at="2023-05-01T20:02:15 IST" duration-ms="10" status="PASS">
          <reporter-output>
          </reporter-output>
        </test-method> <!-- getTitle -->
        <test-method is-config="true" signature="getanalysis(org.testng.ITestResult)[pri:0, instance:test.Logintest@9597028]" started-at="2023-05-01T20:02:15 IST" name="getanalysis" finished-at="2023-05-01T20:02:16 IST" duration-ms="155" status="PASS">
          <params>
            <param index="0">
              <value>
                <![CDATA[[TestResult name=getTitle status=SUCCESS method=Logintest.getTitle()[pri:0, instance:test.Logintest@9597028] output={null}]]]>
              </value>
            </param>
          </params>
          <reporter-output>
          </reporter-output>
        </test-method> <!-- getanalysis -->
        <test-method signature="getTitle()[pri:0, instance:test.Logintest@9597028]" started-at="2023-05-01T20:02:16 IST" name="getTitle" finished-at="2023-05-01T20:02:16 IST" duration-ms="13" status="PASS">
          <reporter-output>
          </reporter-output>
        </test-method> <!-- getTitle -->
        <test-method is-config="true" signature="getanalysis(org.testng.ITestResult)[pri:0, instance:test.Logintest@9597028]" started-at="2023-05-01T20:02:16 IST" name="getanalysis" finished-at="2023-05-01T20:02:16 IST" duration-ms="203" status="PASS">
          <params>
            <param index="0">
              <value>
                <![CDATA[[TestResult name=getTitle status=SUCCESS method=Logintest.getTitle()[pri:0, instance:test.Logintest@9597028] output={null}]]]>
              </value>
            </param>
          </params>
          <reporter-output>
          </reporter-output>
        </test-method> <!-- getanalysis -->
        <test-method signature="getTitle()[pri:0, instance:test.Logintest@9597028]" started-at="2023-05-01T20:02:16 IST" name="getTitle" finished-at="2023-05-01T20:02:16 IST" duration-ms="32" status="PASS">
          <reporter-output>
          </reporter-output>
        </test-method> <!-- getTitle -->
        <test-method is-config="true" signature="getanalysis(org.testng.ITestResult)[pri:0, instance:test.Logintest@9597028]" started-at="2023-05-01T20:02:16 IST" name="getanalysis" finished-at="2023-05-01T20:02:16 IST" duration-ms="353" status="PASS">
          <params>
            <param index="0">
              <value>
                <![CDATA[[TestResult name=getTitle status=SUCCESS method=Logintest.getTitle()[pri:0, instance:test.Logintest@9597028] output={null}]]]>
              </value>
            </param>
          </params>
          <reporter-output>
          </reporter-output>
        </test-method> <!-- getanalysis -->
        <test-method signature="getTitle()[pri:0, instance:test.Logintest@9597028]" started-at="2023-05-01T20:02:16 IST" name="getTitle" finished-at="2023-05-01T20:02:16 IST" duration-ms="19" status="PASS">
          <reporter-output>
          </reporter-output>
        </test-method> <!-- getTitle -->
        <test-method is-config="true" signature="getanalysis(org.testng.ITestResult)[pri:0, instance:test.Logintest@9597028]" started-at="2023-05-01T20:02:16 IST" name="getanalysis" finished-at="2023-05-01T20:02:16 IST" duration-ms="171" status="PASS">
          <params>
            <param index="0">
              <value>
                <![CDATA[[TestResult name=getTitle status=SUCCESS method=Logintest.getTitle()[pri:0, instance:test.Logintest@9597028] output={null}]]]>
              </value>
            </param>
          </params>
          <reporter-output>
          </reporter-output>
        </test-method> <!-- getanalysis -->
        <test-method signature="getTitle()[pri:0, instance:test.Logintest@9597028]" started-at="2023-05-01T20:02:16 IST" name="getTitle" finished-at="2023-05-01T20:02:16 IST" duration-ms="13" status="PASS">
          <reporter-output>
          </reporter-output>
        </test-method> <!-- getTitle -->
        <test-method is-config="true" signature="getanalysis(org.testng.ITestResult)[pri:0, instance:test.Logintest@9597028]" started-at="2023-05-01T20:02:16 IST" name="getanalysis" finished-at="2023-05-01T20:02:17 IST" duration-ms="177" status="PASS">
          <params>
            <param index="0">
              <value>
                <![CDATA[[TestResult name=getTitle status=SUCCESS method=Logintest.getTitle()[pri:0, instance:test.Logintest@9597028] output={null}]]]>
              </value>
            </param>
          </params>
          <reporter-output>
          </reporter-output>
        </test-method> <!-- getanalysis -->
        <test-method signature="getTitle()[pri:0, instance:test.Logintest@9597028]" started-at="2023-05-01T20:02:17 IST" name="getTitle" finished-at="2023-05-01T20:02:17 IST" duration-ms="24" status="PASS">
          <reporter-output>
          </reporter-output>
        </test-method> <!-- getTitle -->
        <test-method is-config="true" signature="getanalysis(org.testng.ITestResult)[pri:0, instance:test.Logintest@9597028]" started-at="2023-05-01T20:02:17 IST" name="getanalysis" finished-at="2023-05-01T20:02:17 IST" duration-ms="196" status="PASS">
          <params>
            <param index="0">
              <value>
                <![CDATA[[TestResult name=getTitle status=SUCCESS method=Logintest.getTitle()[pri:0, instance:test.Logintest@9597028] output={null}]]]>
              </value>
            </param>
          </params>
          <reporter-output>
          </reporter-output>
        </test-method> <!-- getanalysis -->
        <test-method signature="getTitle()[pri:0, instance:test.Logintest@9597028]" started-at="2023-05-01T20:02:17 IST" name="getTitle" finished-at="2023-05-01T20:02:17 IST" duration-ms="9" status="PASS">
          <reporter-output>
          </reporter-output>
        </test-method> <!-- getTitle -->
        <test-method is-config="true" signature="getanalysis(org.testng.ITestResult)[pri:0, instance:test.Logintest@9597028]" started-at="2023-05-01T20:02:17 IST" name="getanalysis" finished-at="2023-05-01T20:02:17 IST" duration-ms="187" status="PASS">
          <params>
            <param index="0">
              <value>
                <![CDATA[[TestResult name=getTitle status=SUCCESS method=Logintest.getTitle()[pri:0, instance:test.Logintest@9597028] output={null}]]]>
              </value>
            </param>
          </params>
          <reporter-output>
          </reporter-output>
        </test-method> <!-- getanalysis -->
        <test-method signature="getTitle()[pri:0, instance:test.Logintest@9597028]" started-at="2023-05-01T20:02:17 IST" name="getTitle" finished-at="2023-05-01T20:02:17 IST" duration-ms="21" status="PASS">
          <reporter-output>
          </reporter-output>
        </test-method> <!-- getTitle -->
        <test-method is-config="true" signature="getanalysis(org.testng.ITestResult)[pri:0, instance:test.Logintest@9597028]" started-at="2023-05-01T20:02:17 IST" name="getanalysis" finished-at="2023-05-01T20:02:17 IST" duration-ms="157" status="PASS">
          <params>
            <param index="0">
              <value>
                <![CDATA[[TestResult name=getTitle status=SUCCESS method=Logintest.getTitle()[pri:0, instance:test.Logintest@9597028] output={null}]]]>
              </value>
            </param>
          </params>
          <reporter-output>
          </reporter-output>
        </test-method> <!-- getanalysis -->
        <test-method signature="getTitle()[pri:0, instance:test.Logintest@9597028]" started-at="2023-05-01T20:02:17 IST" name="getTitle" finished-at="2023-05-01T20:02:17 IST" duration-ms="12" status="PASS">
          <reporter-output>
          </reporter-output>
        </test-method> <!-- getTitle -->
        <test-method is-config="true" signature="getanalysis(org.testng.ITestResult)[pri:0, instance:test.Logintest@9597028]" started-at="2023-05-01T20:02:17 IST" name="getanalysis" finished-at="2023-05-01T20:02:17 IST" duration-ms="151" status="PASS">
          <params>
            <param index="0">
              <value>
                <![CDATA[[TestResult name=getTitle status=SUCCESS method=Logintest.getTitle()[pri:0, instance:test.Logintest@9597028] output={null}]]]>
              </value>
            </param>
          </params>
          <reporter-output>
          </reporter-output>
        </test-method> <!-- getanalysis -->
        <test-method signature="getTitle()[pri:0, instance:test.Logintest@9597028]" started-at="2023-05-01T20:02:17 IST" name="getTitle" finished-at="2023-05-01T20:02:17 IST" duration-ms="9" status="PASS">
          <reporter-output>
          </reporter-output>
        </test-method> <!-- getTitle -->
        <test-method is-config="true" signature="getanalysis(org.testng.ITestResult)[pri:0, instance:test.Logintest@9597028]" started-at="2023-05-01T20:02:17 IST" name="getanalysis" finished-at="2023-05-01T20:02:17 IST" duration-ms="147" status="PASS">
          <params>
            <param index="0">
              <value>
                <![CDATA[[TestResult name=getTitle status=SUCCESS method=Logintest.getTitle()[pri:0, instance:test.Logintest@9597028] output={null}]]]>
              </value>
            </param>
          </params>
          <reporter-output>
          </reporter-output>
        </test-method> <!-- getanalysis -->
        <test-method signature="getTitle()[pri:0, instance:test.Logintest@9597028]" started-at="2023-05-01T20:02:17 IST" name="getTitle" finished-at="2023-05-01T20:02:18 IST" duration-ms="23" status="PASS">
          <reporter-output>
          </reporter-output>
        </test-method> <!-- getTitle -->
        <test-method is-config="true" signature="getanalysis(org.testng.ITestResult)[pri:0, instance:test.Logintest@9597028]" started-at="2023-05-01T20:02:18 IST" name="getanalysis" finished-at="2023-05-01T20:02:18 IST" duration-ms="203" status="PASS">
          <params>
            <param index="0">
              <value>
                <![CDATA[[TestResult name=getTitle status=SUCCESS method=Logintest.getTitle()[pri:0, instance:test.Logintest@9597028] output={null}]]]>
              </value>
            </param>
          </params>
          <reporter-output>
          </reporter-output>
        </test-method> <!-- getanalysis -->
        <test-method signature="getTitle()[pri:0, instance:test.Logintest@9597028]" started-at="2023-05-01T20:02:18 IST" name="getTitle" finished-at="2023-05-01T20:02:18 IST" duration-ms="170" status="PASS">
          <reporter-output>
          </reporter-output>
        </test-method> <!-- getTitle -->
        <test-method is-config="true" signature="getanalysis(org.testng.ITestResult)[pri:0, instance:test.Logintest@9597028]" started-at="2023-05-01T20:02:18 IST" name="getanalysis" finished-at="2023-05-01T20:02:18 IST" duration-ms="176" status="PASS">
          <params>
            <param index="0">
              <value>
                <![CDATA[[TestResult name=getTitle status=SUCCESS method=Logintest.getTitle()[pri:0, instance:test.Logintest@9597028] output={null}]]]>
              </value>
            </param>
          </params>
          <reporter-output>
          </reporter-output>
        </test-method> <!-- getanalysis -->
        <test-method signature="getTitle()[pri:0, instance:test.Logintest@9597028]" started-at="2023-05-01T20:02:18 IST" name="getTitle" finished-at="2023-05-01T20:02:18 IST" duration-ms="12" status="PASS">
          <reporter-output>
          </reporter-output>
        </test-method> <!-- getTitle -->
        <test-method is-config="true" signature="getanalysis(org.testng.ITestResult)[pri:0, instance:test.Logintest@9597028]" started-at="2023-05-01T20:02:18 IST" name="getanalysis" finished-at="2023-05-01T20:02:18 IST" duration-ms="165" status="PASS">
          <params>
            <param index="0">
              <value>
                <![CDATA[[TestResult name=getTitle status=SUCCESS method=Logintest.getTitle()[pri:0, instance:test.Logintest@9597028] output={null}]]]>
              </value>
            </param>
          </params>
          <reporter-output>
          </reporter-output>
        </test-method> <!-- getanalysis -->
        <test-method signature="getTitle()[pri:0, instance:test.Logintest@9597028]" started-at="2023-05-01T20:02:18 IST" name="getTitle" finished-at="2023-05-01T20:02:18 IST" duration-ms="12" status="PASS">
          <reporter-output>
          </reporter-output>
        </test-method> <!-- getTitle -->
        <test-method is-config="true" signature="getanalysis(org.testng.ITestResult)[pri:0, instance:test.Logintest@9597028]" started-at="2023-05-01T20:02:18 IST" name="getanalysis" finished-at="2023-05-01T20:02:18 IST" duration-ms="168" status="PASS">
          <params>
            <param index="0">
              <value>
                <![CDATA[[TestResult name=getTitle status=SUCCESS method=Logintest.getTitle()[pri:0, instance:test.Logintest@9597028] output={null}]]]>
              </value>
            </param>
          </params>
          <reporter-output>
          </reporter-output>
        </test-method> <!-- getanalysis -->
        <test-method signature="getTitle()[pri:0, instance:test.Logintest@9597028]" started-at="2023-05-01T20:02:18 IST" name="getTitle" finished-at="2023-05-01T20:02:18 IST" duration-ms="37" status="PASS">
          <reporter-output>
          </reporter-output>
        </test-method> <!-- getTitle -->
        <test-method is-config="true" signature="getanalysis(org.testng.ITestResult)[pri:0, instance:test.Logintest@9597028]" started-at="2023-05-01T20:02:18 IST" name="getanalysis" finished-at="2023-05-01T20:02:19 IST" duration-ms="241" status="PASS">
          <params>
            <param index="0">
              <value>
                <![CDATA[[TestResult name=getTitle status=SUCCESS method=Logintest.getTitle()[pri:0, instance:test.Logintest@9597028] output={null}]]]>
              </value>
            </param>
          </params>
          <reporter-output>
          </reporter-output>
        </test-method> <!-- getanalysis -->
        <test-method signature="getTitle()[pri:0, instance:test.Logintest@9597028]" started-at="2023-05-01T20:02:19 IST" name="getTitle" finished-at="2023-05-01T20:02:19 IST" duration-ms="32" status="PASS">
          <reporter-output>
          </reporter-output>
        </test-method> <!-- getTitle -->
        <test-method is-config="true" signature="getanalysis(org.testng.ITestResult)[pri:0, instance:test.Logintest@9597028]" started-at="2023-05-01T20:02:19 IST" name="getanalysis" finished-at="2023-05-01T20:02:19 IST" duration-ms="149" status="PASS">
          <params>
            <param index="0">
              <value>
                <![CDATA[[TestResult name=getTitle status=SUCCESS method=Logintest.getTitle()[pri:0, instance:test.Logintest@9597028] output={null}]]]>
              </value>
            </param>
          </params>
          <reporter-output>
          </reporter-output>
        </test-method> <!-- getanalysis -->
        <test-method signature="getTitle()[pri:0, instance:test.Logintest@9597028]" started-at="2023-05-01T20:02:19 IST" name="getTitle" finished-at="2023-05-01T20:02:19 IST" duration-ms="10" status="PASS">
          <reporter-output>
          </reporter-output>
        </test-method> <!-- getTitle -->
        <test-method is-config="true" signature="getanalysis(org.testng.ITestResult)[pri:0, instance:test.Logintest@9597028]" started-at="2023-05-01T20:02:19 IST" name="getanalysis" finished-at="2023-05-01T20:02:19 IST" duration-ms="177" status="PASS">
          <params>
            <param index="0">
              <value>
                <![CDATA[[TestResult name=getTitle status=SUCCESS method=Logintest.getTitle()[pri:0, instance:test.Logintest@9597028] output={null}]]]>
              </value>
            </param>
          </params>
          <reporter-output>
          </reporter-output>
        </test-method> <!-- getanalysis -->
        <test-method signature="getTitle()[pri:0, instance:test.Logintest@9597028]" started-at="2023-05-01T20:02:19 IST" name="getTitle" finished-at="2023-05-01T20:02:19 IST" duration-ms="10" status="PASS">
          <reporter-output>
          </reporter-output>
        </test-method> <!-- getTitle -->
        <test-method is-config="true" signature="getanalysis(org.testng.ITestResult)[pri:0, instance:test.Logintest@9597028]" started-at="2023-05-01T20:02:19 IST" name="getanalysis" finished-at="2023-05-01T20:02:19 IST" duration-ms="164" status="PASS">
          <params>
            <param index="0">
              <value>
                <![CDATA[[TestResult name=getTitle status=SUCCESS method=Logintest.getTitle()[pri:0, instance:test.Logintest@9597028] output={null}]]]>
              </value>
            </param>
          </params>
          <reporter-output>
          </reporter-output>
        </test-method> <!-- getanalysis -->
        <test-method signature="getTitle()[pri:0, instance:test.Logintest@9597028]" started-at="2023-05-01T20:02:19 IST" name="getTitle" finished-at="2023-05-01T20:02:19 IST" duration-ms="10" status="PASS">
          <reporter-output>
          </reporter-output>
        </test-method> <!-- getTitle -->
        <test-method is-config="true" signature="getanalysis(org.testng.ITestResult)[pri:0, instance:test.Logintest@9597028]" started-at="2023-05-01T20:02:19 IST" name="getanalysis" finished-at="2023-05-01T20:02:19 IST" duration-ms="129" status="PASS">
          <params>
            <param index="0">
              <value>
                <![CDATA[[TestResult name=getTitle status=SUCCESS method=Logintest.getTitle()[pri:0, instance:test.Logintest@9597028] output={null}]]]>
              </value>
            </param>
          </params>
          <reporter-output>
          </reporter-output>
        </test-method> <!-- getanalysis -->
        <test-method signature="getTitle()[pri:0, instance:test.Logintest@9597028]" started-at="2023-05-01T20:02:19 IST" name="getTitle" finished-at="2023-05-01T20:02:19 IST" duration-ms="6" status="PASS">
          <reporter-output>
          </reporter-output>
        </test-method> <!-- getTitle -->
        <test-method is-config="true" signature="getanalysis(org.testng.ITestResult)[pri:0, instance:test.Logintest@9597028]" started-at="2023-05-01T20:02:19 IST" name="getanalysis" finished-at="2023-05-01T20:02:20 IST" duration-ms="128" status="PASS">
          <params>
            <param index="0">
              <value>
                <![CDATA[[TestResult name=getTitle status=SUCCESS method=Logintest.getTitle()[pri:0, instance:test.Logintest@9597028] output={null}]]]>
              </value>
            </param>
          </params>
          <reporter-output>
          </reporter-output>
        </test-method> <!-- getanalysis -->
        <test-method signature="getTitle()[pri:0, instance:test.Logintest@9597028]" started-at="2023-05-01T20:02:20 IST" name="getTitle" finished-at="2023-05-01T20:02:20 IST" duration-ms="8" status="PASS">
          <reporter-output>
          </reporter-output>
        </test-method> <!-- getTitle -->
        <test-method is-config="true" signature="getanalysis(org.testng.ITestResult)[pri:0, instance:test.Logintest@9597028]" started-at="2023-05-01T20:02:20 IST" name="getanalysis" finished-at="2023-05-01T20:02:20 IST" duration-ms="139" status="PASS">
          <params>
            <param index="0">
              <value>
                <![CDATA[[TestResult name=getTitle status=SUCCESS method=Logintest.getTitle()[pri:0, instance:test.Logintest@9597028] output={null}]]]>
              </value>
            </param>
          </params>
          <reporter-output>
          </reporter-output>
        </test-method> <!-- getanalysis -->
        <test-method signature="getTitle()[pri:0, instance:test.Logintest@9597028]" started-at="2023-05-01T20:02:20 IST" name="getTitle" finished-at="2023-05-01T20:02:20 IST" duration-ms="9" status="PASS">
          <reporter-output>
          </reporter-output>
        </test-method> <!-- getTitle -->
        <test-method is-config="true" signature="getanalysis(org.testng.ITestResult)[pri:0, instance:test.Logintest@9597028]" started-at="2023-05-01T20:02:20 IST" name="getanalysis" finished-at="2023-05-01T20:02:20 IST" duration-ms="149" status="PASS">
          <params>
            <param index="0">
              <value>
                <![CDATA[[TestResult name=getTitle status=SUCCESS method=Logintest.getTitle()[pri:0, instance:test.Logintest@9597028] output={null}]]]>
              </value>
            </param>
          </params>
          <reporter-output>
          </reporter-output>
        </test-method> <!-- getanalysis -->
        <test-method signature="getTitle()[pri:0, instance:test.Logintest@9597028]" started-at="2023-05-01T20:02:20 IST" name="getTitle" finished-at="2023-05-01T20:02:20 IST" duration-ms="11" status="PASS">
          <reporter-output>
          </reporter-output>
        </test-method> <!-- getTitle -->
        <test-method is-config="true" signature="getanalysis(org.testng.ITestResult)[pri:0, instance:test.Logintest@9597028]" started-at="2023-05-01T20:02:20 IST" name="getanalysis" finished-at="2023-05-01T20:02:20 IST" duration-ms="122" status="PASS">
          <params>
            <param index="0">
              <value>
                <![CDATA[[TestResult name=getTitle status=SUCCESS method=Logintest.getTitle()[pri:0, instance:test.Logintest@9597028] output={null}]]]>
              </value>
            </param>
          </params>
          <reporter-output>
          </reporter-output>
        </test-method> <!-- getanalysis -->
        <test-method signature="getTitle()[pri:0, instance:test.Logintest@9597028]" started-at="2023-05-01T20:02:20 IST" name="getTitle" finished-at="2023-05-01T20:02:20 IST" duration-ms="8" status="PASS">
          <reporter-output>
          </reporter-output>
        </test-method> <!-- getTitle -->
        <test-method is-config="true" signature="getanalysis(org.testng.ITestResult)[pri:0, instance:test.Logintest@9597028]" started-at="2023-05-01T20:02:20 IST" name="getanalysis" finished-at="2023-05-01T20:02:20 IST" duration-ms="153" status="PASS">
          <params>
            <param index="0">
              <value>
                <![CDATA[[TestResult name=getTitle status=SUCCESS method=Logintest.getTitle()[pri:0, instance:test.Logintest@9597028] output={null}]]]>
              </value>
            </param>
          </params>
          <reporter-output>
          </reporter-output>
        </test-method> <!-- getanalysis -->
        <test-method signature="getTitle()[pri:0, instance:test.Logintest@9597028]" started-at="2023-05-01T20:02:20 IST" name="getTitle" finished-at="2023-05-01T20:02:20 IST" duration-ms="7" status="PASS">
          <reporter-output>
          </reporter-output>
        </test-method> <!-- getTitle -->
        <test-method is-config="true" signature="getanalysis(org.testng.ITestResult)[pri:0, instance:test.Logintest@9597028]" started-at="2023-05-01T20:02:20 IST" name="getanalysis" finished-at="2023-05-01T20:02:20 IST" duration-ms="126" status="PASS">
          <params>
            <param index="0">
              <value>
                <![CDATA[[TestResult name=getTitle status=SUCCESS method=Logintest.getTitle()[pri:0, instance:test.Logintest@9597028] output={null}]]]>
              </value>
            </param>
          </params>
          <reporter-output>
          </reporter-output>
        </test-method> <!-- getanalysis -->
        <test-method signature="getTitle()[pri:0, instance:test.Logintest@9597028]" started-at="2023-05-01T20:02:20 IST" name="getTitle" finished-at="2023-05-01T20:02:20 IST" duration-ms="7" status="PASS">
          <reporter-output>
          </reporter-output>
        </test-method> <!-- getTitle -->
        <test-method is-config="true" signature="getanalysis(org.testng.ITestResult)[pri:0, instance:test.Logintest@9597028]" started-at="2023-05-01T20:02:20 IST" name="getanalysis" finished-at="2023-05-01T20:02:20 IST" duration-ms="131" status="PASS">
          <params>
            <param index="0">
              <value>
                <![CDATA[[TestResult name=getTitle status=SUCCESS method=Logintest.getTitle()[pri:0, instance:test.Logintest@9597028] output={null}]]]>
              </value>
            </param>
          </params>
          <reporter-output>
          </reporter-output>
        </test-method> <!-- getanalysis -->
        <test-method signature="getTitle()[pri:0, instance:test.Logintest@9597028]" started-at="2023-05-01T20:02:20 IST" name="getTitle" finished-at="2023-05-01T20:02:20 IST" duration-ms="7" status="PASS">
          <reporter-output>
          </reporter-output>
        </test-method> <!-- getTitle -->
        <test-method is-config="true" signature="getanalysis(org.testng.ITestResult)[pri:0, instance:test.Logintest@9597028]" started-at="2023-05-01T20:02:20 IST" name="getanalysis" finished-at="2023-05-01T20:02:21 IST" duration-ms="125" status="PASS">
          <params>
            <param index="0">
              <value>
                <![CDATA[[TestResult name=getTitle status=SUCCESS method=Logintest.getTitle()[pri:0, instance:test.Logintest@9597028] output={null}]]]>
              </value>
            </param>
          </params>
          <reporter-output>
          </reporter-output>
        </test-method> <!-- getanalysis -->
        <test-method signature="getTitle()[pri:0, instance:test.Logintest@9597028]" started-at="2023-05-01T20:02:21 IST" name="getTitle" finished-at="2023-05-01T20:02:21 IST" duration-ms="8" status="PASS">
          <reporter-output>
          </reporter-output>
        </test-method> <!-- getTitle -->
        <test-method is-config="true" signature="getanalysis(org.testng.ITestResult)[pri:0, instance:test.Logintest@9597028]" started-at="2023-05-01T20:02:21 IST" name="getanalysis" finished-at="2023-05-01T20:02:21 IST" duration-ms="137" status="PASS">
          <params>
            <param index="0">
              <value>
                <![CDATA[[TestResult name=getTitle status=SUCCESS method=Logintest.getTitle()[pri:0, instance:test.Logintest@9597028] output={null}]]]>
              </value>
            </param>
          </params>
          <reporter-output>
          </reporter-output>
        </test-method> <!-- getanalysis -->
        <test-method signature="getTitle()[pri:0, instance:test.Logintest@9597028]" started-at="2023-05-01T20:02:21 IST" name="getTitle" finished-at="2023-05-01T20:02:21 IST" duration-ms="8" status="PASS">
          <reporter-output>
          </reporter-output>
        </test-method> <!-- getTitle -->
        <test-method is-config="true" signature="getanalysis(org.testng.ITestResult)[pri:0, instance:test.Logintest@9597028]" started-at="2023-05-01T20:02:21 IST" name="getanalysis" finished-at="2023-05-01T20:02:21 IST" duration-ms="132" status="PASS">
          <params>
            <param index="0">
              <value>
                <![CDATA[[TestResult name=getTitle status=SUCCESS method=Logintest.getTitle()[pri:0, instance:test.Logintest@9597028] output={null}]]]>
              </value>
            </param>
          </params>
          <reporter-output>
          </reporter-output>
        </test-method> <!-- getanalysis -->
        <test-method signature="getTitle()[pri:0, instance:test.Logintest@9597028]" started-at="2023-05-01T20:02:21 IST" name="getTitle" finished-at="2023-05-01T20:02:21 IST" duration-ms="7" status="PASS">
          <reporter-output>
          </reporter-output>
        </test-method> <!-- getTitle -->
        <test-method is-config="true" signature="getanalysis(org.testng.ITestResult)[pri:0, instance:test.Logintest@9597028]" started-at="2023-05-01T20:02:21 IST" name="getanalysis" finished-at="2023-05-01T20:02:21 IST" duration-ms="131" status="PASS">
          <params>
            <param index="0">
              <value>
                <![CDATA[[TestResult name=getTitle status=SUCCESS method=Logintest.getTitle()[pri:0, instance:test.Logintest@9597028] output={null}]]]>
              </value>
            </param>
          </params>
          <reporter-output>
          </reporter-output>
        </test-method> <!-- getanalysis -->
        <test-method signature="getTitle()[pri:0, instance:test.Logintest@9597028]" started-at="2023-05-01T20:02:21 IST" name="getTitle" finished-at="2023-05-01T20:02:21 IST" duration-ms="7" status="PASS">
          <reporter-output>
          </reporter-output>
        </test-method> <!-- getTitle -->
        <test-method is-config="true" signature="getanalysis(org.testng.ITestResult)[pri:0, instance:test.Logintest@9597028]" started-at="2023-05-01T20:02:21 IST" name="getanalysis" finished-at="2023-05-01T20:02:21 IST" duration-ms="126" status="PASS">
          <params>
            <param index="0">
              <value>
                <![CDATA[[TestResult name=getTitle status=SUCCESS method=Logintest.getTitle()[pri:0, instance:test.Logintest@9597028] output={null}]]]>
              </value>
            </param>
          </params>
          <reporter-output>
          </reporter-output>
        </test-method> <!-- getanalysis -->
        <test-method signature="getTitle()[pri:0, instance:test.Logintest@9597028]" started-at="2023-05-01T20:02:21 IST" name="getTitle" finished-at="2023-05-01T20:02:21 IST" duration-ms="8" status="PASS">
          <reporter-output>
          </reporter-output>
        </test-method> <!-- getTitle -->
        <test-method is-config="true" signature="getanalysis(org.testng.ITestResult)[pri:0, instance:test.Logintest@9597028]" started-at="2023-05-01T20:02:21 IST" name="getanalysis" finished-at="2023-05-01T20:02:21 IST" duration-ms="125" status="PASS">
          <params>
            <param index="0">
              <value>
                <![CDATA[[TestResult name=getTitle status=SUCCESS method=Logintest.getTitle()[pri:0, instance:test.Logintest@9597028] output={null}]]]>
              </value>
            </param>
          </params>
          <reporter-output>
          </reporter-output>
        </test-method> <!-- getanalysis -->
        <test-method signature="getTitle()[pri:0, instance:test.Logintest@9597028]" started-at="2023-05-01T20:02:21 IST" name="getTitle" finished-at="2023-05-01T20:02:21 IST" duration-ms="7" status="PASS">
          <reporter-output>
          </reporter-output>
        </test-method> <!-- getTitle -->
        <test-method is-config="true" signature="getanalysis(org.testng.ITestResult)[pri:0, instance:test.Logintest@9597028]" started-at="2023-05-01T20:02:21 IST" name="getanalysis" finished-at="2023-05-01T20:02:21 IST" duration-ms="121" status="PASS">
          <params>
            <param index="0">
              <value>
                <![CDATA[[TestResult name=getTitle status=SUCCESS method=Logintest.getTitle()[pri:0, instance:test.Logintest@9597028] output={null}]]]>
              </value>
            </param>
          </params>
          <reporter-output>
          </reporter-output>
        </test-method> <!-- getanalysis -->
        <test-method signature="getTitle()[pri:0, instance:test.Logintest@9597028]" started-at="2023-05-01T20:02:21 IST" name="getTitle" finished-at="2023-05-01T20:02:21 IST" duration-ms="7" status="PASS">
          <reporter-output>
          </reporter-output>
        </test-method> <!-- getTitle -->
        <test-method is-config="true" signature="getanalysis(org.testng.ITestResult)[pri:0, instance:test.Logintest@9597028]" started-at="2023-05-01T20:02:21 IST" name="getanalysis" finished-at="2023-05-01T20:02:22 IST" duration-ms="135" status="PASS">
          <params>
            <param index="0">
              <value>
                <![CDATA[[TestResult name=getTitle status=SUCCESS method=Logintest.getTitle()[pri:0, instance:test.Logintest@9597028] output={null}]]]>
              </value>
            </param>
          </params>
          <reporter-output>
          </reporter-output>
        </test-method> <!-- getanalysis -->
        <test-method signature="getTitle()[pri:0, instance:test.Logintest@9597028]" started-at="2023-05-01T20:02:22 IST" name="getTitle" finished-at="2023-05-01T20:02:22 IST" duration-ms="6" status="PASS">
          <reporter-output>
          </reporter-output>
        </test-method> <!-- getTitle -->
        <test-method is-config="true" signature="getanalysis(org.testng.ITestResult)[pri:0, instance:test.Logintest@9597028]" started-at="2023-05-01T20:02:22 IST" name="getanalysis" finished-at="2023-05-01T20:02:22 IST" duration-ms="127" status="PASS">
          <params>
            <param index="0">
              <value>
                <![CDATA[[TestResult name=getTitle status=SUCCESS method=Logintest.getTitle()[pri:0, instance:test.Logintest@9597028] output={null}]]]>
              </value>
            </param>
          </params>
          <reporter-output>
          </reporter-output>
        </test-method> <!-- getanalysis -->
        <test-method signature="getTitle()[pri:0, instance:test.Logintest@9597028]" started-at="2023-05-01T20:02:22 IST" name="getTitle" finished-at="2023-05-01T20:02:22 IST" duration-ms="6" status="PASS">
          <reporter-output>
          </reporter-output>
        </test-method> <!-- getTitle -->
        <test-method is-config="true" signature="getanalysis(org.testng.ITestResult)[pri:0, instance:test.Logintest@9597028]" started-at="2023-05-01T20:02:22 IST" name="getanalysis" finished-at="2023-05-01T20:02:22 IST" duration-ms="136" status="PASS">
          <params>
            <param index="0">
              <value>
                <![CDATA[[TestResult name=getTitle status=SUCCESS method=Logintest.getTitle()[pri:0, instance:test.Logintest@9597028] output={null}]]]>
              </value>
            </param>
          </params>
          <reporter-output>
          </reporter-output>
        </test-method> <!-- getanalysis -->
        <test-method signature="getTitle()[pri:0, instance:test.Logintest@9597028]" started-at="2023-05-01T20:02:22 IST" name="getTitle" finished-at="2023-05-01T20:02:22 IST" duration-ms="9" status="PASS">
          <reporter-output>
          </reporter-output>
        </test-method> <!-- getTitle -->
        <test-method is-config="true" signature="getanalysis(org.testng.ITestResult)[pri:0, instance:test.Logintest@9597028]" started-at="2023-05-01T20:02:22 IST" name="getanalysis" finished-at="2023-05-01T20:02:22 IST" duration-ms="126" status="PASS">
          <params>
            <param index="0">
              <value>
                <![CDATA[[TestResult name=getTitle status=SUCCESS method=Logintest.getTitle()[pri:0, instance:test.Logintest@9597028] output={null}]]]>
              </value>
            </param>
          </params>
          <reporter-output>
          </reporter-output>
        </test-method> <!-- getanalysis -->
        <test-method signature="getTitle()[pri:0, instance:test.Logintest@9597028]" started-at="2023-05-01T20:02:22 IST" name="getTitle" finished-at="2023-05-01T20:02:22 IST" duration-ms="7" status="PASS">
          <reporter-output>
          </reporter-output>
        </test-method> <!-- getTitle -->
        <test-method is-config="true" signature="getanalysis(org.testng.ITestResult)[pri:0, instance:test.Logintest@9597028]" started-at="2023-05-01T20:02:22 IST" name="getanalysis" finished-at="2023-05-01T20:02:22 IST" duration-ms="133" status="PASS">
          <params>
            <param index="0">
              <value>
                <![CDATA[[TestResult name=getTitle status=SUCCESS method=Logintest.getTitle()[pri:0, instance:test.Logintest@9597028] output={null}]]]>
              </value>
            </param>
          </params>
          <reporter-output>
          </reporter-output>
        </test-method> <!-- getanalysis -->
        <test-method signature="getTitle()[pri:0, instance:test.Logintest@9597028]" started-at="2023-05-01T20:02:22 IST" name="getTitle" finished-at="2023-05-01T20:02:22 IST" duration-ms="7" status="PASS">
          <reporter-output>
          </reporter-output>
        </test-method> <!-- getTitle -->
        <test-method is-config="true" signature="getanalysis(org.testng.ITestResult)[pri:0, instance:test.Logintest@9597028]" started-at="2023-05-01T20:02:22 IST" name="getanalysis" finished-at="2023-05-01T20:02:22 IST" duration-ms="144" status="PASS">
          <params>
            <param index="0">
              <value>
                <![CDATA[[TestResult name=getTitle status=SUCCESS method=Logintest.getTitle()[pri:0, instance:test.Logintest@9597028] output={null}]]]>
              </value>
            </param>
          </params>
          <reporter-output>
          </reporter-output>
        </test-method> <!-- getanalysis -->
        <test-method signature="getTitle()[pri:0, instance:test.Logintest@9597028]" started-at="2023-05-01T20:02:22 IST" name="getTitle" finished-at="2023-05-01T20:02:22 IST" duration-ms="7" status="PASS">
          <reporter-output>
          </reporter-output>
        </test-method> <!-- getTitle -->
        <test-method is-config="true" signature="getanalysis(org.testng.ITestResult)[pri:0, instance:test.Logintest@9597028]" started-at="2023-05-01T20:02:22 IST" name="getanalysis" finished-at="2023-05-01T20:02:22 IST" duration-ms="151" status="PASS">
          <params>
            <param index="0">
              <value>
                <![CDATA[[TestResult name=getTitle status=SUCCESS method=Logintest.getTitle()[pri:0, instance:test.Logintest@9597028] output={null}]]]>
              </value>
            </param>
          </params>
          <reporter-output>
          </reporter-output>
        </test-method> <!-- getanalysis -->
        <test-method signature="getTitle()[pri:0, instance:test.Logintest@9597028]" started-at="2023-05-01T20:02:22 IST" name="getTitle" finished-at="2023-05-01T20:02:22 IST" duration-ms="7" status="PASS">
          <reporter-output>
          </reporter-output>
        </test-method> <!-- getTitle -->
        <test-method is-config="true" signature="getanalysis(org.testng.ITestResult)[pri:0, instance:test.Logintest@9597028]" started-at="2023-05-01T20:02:22 IST" name="getanalysis" finished-at="2023-05-01T20:02:23 IST" duration-ms="134" status="PASS">
          <params>
            <param index="0">
              <value>
                <![CDATA[[TestResult name=getTitle status=SUCCESS method=Logintest.getTitle()[pri:0, instance:test.Logintest@9597028] output={null}]]]>
              </value>
            </param>
          </params>
          <reporter-output>
          </reporter-output>
        </test-method> <!-- getanalysis -->
        <test-method signature="getTitle()[pri:0, instance:test.Logintest@9597028]" started-at="2023-05-01T20:02:23 IST" name="getTitle" finished-at="2023-05-01T20:02:23 IST" duration-ms="7" status="PASS">
          <reporter-output>
          </reporter-output>
        </test-method> <!-- getTitle -->
        <test-method is-config="true" signature="getanalysis(org.testng.ITestResult)[pri:0, instance:test.Logintest@9597028]" started-at="2023-05-01T20:02:23 IST" name="getanalysis" finished-at="2023-05-01T20:02:23 IST" duration-ms="129" status="PASS">
          <params>
            <param index="0">
              <value>
                <![CDATA[[TestResult name=getTitle status=SUCCESS method=Logintest.getTitle()[pri:0, instance:test.Logintest@9597028] output={null}]]]>
              </value>
            </param>
          </params>
          <reporter-output>
          </reporter-output>
        </test-method> <!-- getanalysis -->
        <test-method signature="getTitle()[pri:0, instance:test.Logintest@9597028]" started-at="2023-05-01T20:02:23 IST" name="getTitle" finished-at="2023-05-01T20:02:23 IST" duration-ms="6" status="PASS">
          <reporter-output>
          </reporter-output>
        </test-method> <!-- getTitle -->
        <test-method is-config="true" signature="getanalysis(org.testng.ITestResult)[pri:0, instance:test.Logintest@9597028]" started-at="2023-05-01T20:02:23 IST" name="getanalysis" finished-at="2023-05-01T20:02:23 IST" duration-ms="134" status="PASS">
          <params>
            <param index="0">
              <value>
                <![CDATA[[TestResult name=getTitle status=SUCCESS method=Logintest.getTitle()[pri:0, instance:test.Logintest@9597028] output={null}]]]>
              </value>
            </param>
          </params>
          <reporter-output>
          </reporter-output>
        </test-method> <!-- getanalysis -->
        <test-method signature="getTitle()[pri:0, instance:test.Logintest@9597028]" started-at="2023-05-01T20:02:23 IST" name="getTitle" finished-at="2023-05-01T20:02:23 IST" duration-ms="7" status="PASS">
          <reporter-output>
          </reporter-output>
        </test-method> <!-- getTitle -->
        <test-method is-config="true" signature="getanalysis(org.testng.ITestResult)[pri:0, instance:test.Logintest@9597028]" started-at="2023-05-01T20:02:23 IST" name="getanalysis" finished-at="2023-05-01T20:02:23 IST" duration-ms="121" status="PASS">
          <params>
            <param index="0">
              <value>
                <![CDATA[[TestResult name=getTitle status=SUCCESS method=Logintest.getTitle()[pri:0, instance:test.Logintest@9597028] output={null}]]]>
              </value>
            </param>
          </params>
          <reporter-output>
          </reporter-output>
        </test-method> <!-- getanalysis -->
        <test-method signature="getTitle()[pri:0, instance:test.Logintest@9597028]" started-at="2023-05-01T20:02:23 IST" name="getTitle" finished-at="2023-05-01T20:02:23 IST" duration-ms="8" status="PASS">
          <reporter-output>
          </reporter-output>
        </test-method> <!-- getTitle -->
        <test-method is-config="true" signature="getanalysis(org.testng.ITestResult)[pri:0, instance:test.Logintest@9597028]" started-at="2023-05-01T20:02:23 IST" name="getanalysis" finished-at="2023-05-01T20:02:23 IST" duration-ms="129" status="PASS">
          <params>
            <param index="0">
              <value>
                <![CDATA[[TestResult name=getTitle status=SUCCESS method=Logintest.getTitle()[pri:0, instance:test.Logintest@9597028] output={null}]]]>
              </value>
            </param>
          </params>
          <reporter-output>
          </reporter-output>
        </test-method> <!-- getanalysis -->
        <test-method signature="getTitle()[pri:0, instance:test.Logintest@9597028]" started-at="2023-05-01T20:02:23 IST" name="getTitle" finished-at="2023-05-01T20:02:23 IST" duration-ms="7" status="PASS">
          <reporter-output>
          </reporter-output>
        </test-method> <!-- getTitle -->
        <test-method is-config="true" signature="getanalysis(org.testng.ITestResult)[pri:0, instance:test.Logintest@9597028]" started-at="2023-05-01T20:02:23 IST" name="getanalysis" finished-at="2023-05-01T20:02:23 IST" duration-ms="132" status="PASS">
          <params>
            <param index="0">
              <value>
                <![CDATA[[TestResult name=getTitle status=SUCCESS method=Logintest.getTitle()[pri:0, instance:test.Logintest@9597028] output={null}]]]>
              </value>
            </param>
          </params>
          <reporter-output>
          </reporter-output>
        </test-method> <!-- getanalysis -->
        <test-method signature="getTitle()[pri:0, instance:test.Logintest@9597028]" started-at="2023-05-01T20:02:23 IST" name="getTitle" finished-at="2023-05-01T20:02:23 IST" duration-ms="7" status="PASS">
          <reporter-output>
          </reporter-output>
        </test-method> <!-- getTitle -->
        <test-method is-config="true" signature="getanalysis(org.testng.ITestResult)[pri:0, instance:test.Logintest@9597028]" started-at="2023-05-01T20:02:23 IST" name="getanalysis" finished-at="2023-05-01T20:02:23 IST" duration-ms="128" status="PASS">
          <params>
            <param index="0">
              <value>
                <![CDATA[[TestResult name=getTitle status=SUCCESS method=Logintest.getTitle()[pri:0, instance:test.Logintest@9597028] output={null}]]]>
              </value>
            </param>
          </params>
          <reporter-output>
          </reporter-output>
        </test-method> <!-- getanalysis -->
        <test-method signature="getTitle()[pri:0, instance:test.Logintest@9597028]" started-at="2023-05-01T20:02:23 IST" name="getTitle" finished-at="2023-05-01T20:02:23 IST" duration-ms="8" status="PASS">
          <reporter-output>
          </reporter-output>
        </test-method> <!-- getTitle -->
        <test-method is-config="true" signature="getanalysis(org.testng.ITestResult)[pri:0, instance:test.Logintest@9597028]" started-at="2023-05-01T20:02:23 IST" name="getanalysis" finished-at="2023-05-01T20:02:24 IST" duration-ms="147" status="PASS">
          <params>
            <param index="0">
              <value>
                <![CDATA[[TestResult name=getTitle status=SUCCESS method=Logintest.getTitle()[pri:0, instance:test.Logintest@9597028] output={null}]]]>
              </value>
            </param>
          </params>
          <reporter-output>
          </reporter-output>
        </test-method> <!-- getanalysis -->
        <test-method signature="getTitle()[pri:0, instance:test.Logintest@9597028]" started-at="2023-05-01T20:02:24 IST" name="getTitle" finished-at="2023-05-01T20:02:24 IST" duration-ms="43" status="PASS">
          <reporter-output>
          </reporter-output>
        </test-method> <!-- getTitle -->
        <test-method is-config="true" signature="getanalysis(org.testng.ITestResult)[pri:0, instance:test.Logintest@9597028]" started-at="2023-05-01T20:02:24 IST" name="getanalysis" finished-at="2023-05-01T20:02:24 IST" duration-ms="167" status="PASS">
          <params>
            <param index="0">
              <value>
                <![CDATA[[TestResult name=getTitle status=SUCCESS method=Logintest.getTitle()[pri:0, instance:test.Logintest@9597028] output={null}]]]>
              </value>
            </param>
          </params>
          <reporter-output>
          </reporter-output>
        </test-method> <!-- getanalysis -->
        <test-method signature="getTitle()[pri:0, instance:test.Logintest@9597028]" started-at="2023-05-01T20:02:24 IST" name="getTitle" finished-at="2023-05-01T20:02:24 IST" duration-ms="13" status="PASS">
          <reporter-output>
          </reporter-output>
        </test-method> <!-- getTitle -->
        <test-method is-config="true" signature="getanalysis(org.testng.ITestResult)[pri:0, instance:test.Logintest@9597028]" started-at="2023-05-01T20:02:24 IST" name="getanalysis" finished-at="2023-05-01T20:02:24 IST" duration-ms="142" status="PASS">
          <params>
            <param index="0">
              <value>
                <![CDATA[[TestResult name=getTitle status=SUCCESS method=Logintest.getTitle()[pri:0, instance:test.Logintest@9597028] output={null}]]]>
              </value>
            </param>
          </params>
          <reporter-output>
          </reporter-output>
        </test-method> <!-- getanalysis -->
        <test-method signature="getTitle()[pri:0, instance:test.Logintest@9597028]" started-at="2023-05-01T20:02:24 IST" name="getTitle" finished-at="2023-05-01T20:02:24 IST" duration-ms="8" status="PASS">
          <reporter-output>
          </reporter-output>
        </test-method> <!-- getTitle -->
        <test-method is-config="true" signature="getanalysis(org.testng.ITestResult)[pri:0, instance:test.Logintest@9597028]" started-at="2023-05-01T20:02:24 IST" name="getanalysis" finished-at="2023-05-01T20:02:24 IST" duration-ms="137" status="PASS">
          <params>
            <param index="0">
              <value>
                <![CDATA[[TestResult name=getTitle status=SUCCESS method=Logintest.getTitle()[pri:0, instance:test.Logintest@9597028] output={null}]]]>
              </value>
            </param>
          </params>
          <reporter-output>
          </reporter-output>
        </test-method> <!-- getanalysis -->
        <test-method signature="getTitle()[pri:0, instance:test.Logintest@9597028]" started-at="2023-05-01T20:02:24 IST" name="getTitle" finished-at="2023-05-01T20:02:24 IST" duration-ms="9" status="PASS">
          <reporter-output>
          </reporter-output>
        </test-method> <!-- getTitle -->
        <test-method is-config="true" signature="getanalysis(org.testng.ITestResult)[pri:0, instance:test.Logintest@9597028]" started-at="2023-05-01T20:02:24 IST" name="getanalysis" finished-at="2023-05-01T20:02:24 IST" duration-ms="134" status="PASS">
          <params>
            <param index="0">
              <value>
                <![CDATA[[TestResult name=getTitle status=SUCCESS method=Logintest.getTitle()[pri:0, instance:test.Logintest@9597028] output={null}]]]>
              </value>
            </param>
          </params>
          <reporter-output>
          </reporter-output>
        </test-method> <!-- getanalysis -->
        <test-method signature="getTitle()[pri:0, instance:test.Logintest@9597028]" started-at="2023-05-01T20:02:24 IST" name="getTitle" finished-at="2023-05-01T20:02:24 IST" duration-ms="8" status="PASS">
          <reporter-output>
          </reporter-output>
        </test-method> <!-- getTitle -->
        <test-method is-config="true" signature="getanalysis(org.testng.ITestResult)[pri:0, instance:test.Logintest@9597028]" started-at="2023-05-01T20:02:24 IST" name="getanalysis" finished-at="2023-05-01T20:02:24 IST" duration-ms="145" status="PASS">
          <params>
            <param index="0">
              <value>
                <![CDATA[[TestResult name=getTitle status=SUCCESS method=Logintest.getTitle()[pri:0, instance:test.Logintest@9597028] output={null}]]]>
              </value>
            </param>
          </params>
          <reporter-output>
          </reporter-output>
        </test-method> <!-- getanalysis -->
        <test-method signature="getTitle()[pri:0, instance:test.Logintest@9597028]" started-at="2023-05-01T20:02:24 IST" name="getTitle" finished-at="2023-05-01T20:02:24 IST" duration-ms="7" status="PASS">
          <reporter-output>
          </reporter-output>
        </test-method> <!-- getTitle -->
        <test-method is-config="true" signature="getanalysis(org.testng.ITestResult)[pri:0, instance:test.Logintest@9597028]" started-at="2023-05-01T20:02:24 IST" name="getanalysis" finished-at="2023-05-01T20:02:24 IST" duration-ms="130" status="PASS">
          <params>
            <param index="0">
              <value>
                <![CDATA[[TestResult name=getTitle status=SUCCESS method=Logintest.getTitle()[pri:0, instance:test.Logintest@9597028] output={null}]]]>
              </value>
            </param>
          </params>
          <reporter-output>
          </reporter-output>
        </test-method> <!-- getanalysis -->
        <test-method signature="getTitle()[pri:0, instance:test.Logintest@9597028]" started-at="2023-05-01T20:02:24 IST" name="getTitle" finished-at="2023-05-01T20:02:24 IST" duration-ms="6" status="PASS">
          <reporter-output>
          </reporter-output>
        </test-method> <!-- getTitle -->
        <test-method is-config="true" signature="getanalysis(org.testng.ITestResult)[pri:0, instance:test.Logintest@9597028]" started-at="2023-05-01T20:02:24 IST" name="getanalysis" finished-at="2023-05-01T20:02:25 IST" duration-ms="127" status="PASS">
          <params>
            <param index="0">
              <value>
                <![CDATA[[TestResult name=getTitle status=SUCCESS method=Logintest.getTitle()[pri:0, instance:test.Logintest@9597028] output={null}]]]>
              </value>
            </param>
          </params>
          <reporter-output>
          </reporter-output>
        </test-method> <!-- getanalysis -->
        <test-method signature="getTitle()[pri:0, instance:test.Logintest@9597028]" started-at="2023-05-01T20:02:25 IST" name="getTitle" finished-at="2023-05-01T20:02:25 IST" duration-ms="7" status="PASS">
          <reporter-output>
          </reporter-output>
        </test-method> <!-- getTitle -->
        <test-method is-config="true" signature="getanalysis(org.testng.ITestResult)[pri:0, instance:test.Logintest@9597028]" started-at="2023-05-01T20:02:25 IST" name="getanalysis" finished-at="2023-05-01T20:02:25 IST" duration-ms="118" status="PASS">
          <params>
            <param index="0">
              <value>
                <![CDATA[[TestResult name=getTitle status=SUCCESS method=Logintest.getTitle()[pri:0, instance:test.Logintest@9597028] output={null}]]]>
              </value>
            </param>
          </params>
          <reporter-output>
          </reporter-output>
        </test-method> <!-- getanalysis -->
        <test-method signature="getTitle()[pri:0, instance:test.Logintest@9597028]" started-at="2023-05-01T20:02:25 IST" name="getTitle" finished-at="2023-05-01T20:02:25 IST" duration-ms="7" status="PASS">
          <reporter-output>
          </reporter-output>
        </test-method> <!-- getTitle -->
        <test-method is-config="true" signature="getanalysis(org.testng.ITestResult)[pri:0, instance:test.Logintest@9597028]" started-at="2023-05-01T20:02:25 IST" name="getanalysis" finished-at="2023-05-01T20:02:25 IST" duration-ms="132" status="PASS">
          <params>
            <param index="0">
              <value>
                <![CDATA[[TestResult name=getTitle status=SUCCESS method=Logintest.getTitle()[pri:0, instance:test.Logintest@9597028] output={null}]]]>
              </value>
            </param>
          </params>
          <reporter-output>
          </reporter-output>
        </test-method> <!-- getanalysis -->
        <test-method signature="getTitle()[pri:0, instance:test.Logintest@9597028]" started-at="2023-05-01T20:02:25 IST" name="getTitle" finished-at="2023-05-01T20:02:25 IST" duration-ms="7" status="PASS">
          <reporter-output>
          </reporter-output>
        </test-method> <!-- getTitle -->
        <test-method is-config="true" signature="getanalysis(org.testng.ITestResult)[pri:0, instance:test.Logintest@9597028]" started-at="2023-05-01T20:02:25 IST" name="getanalysis" finished-at="2023-05-01T20:02:25 IST" duration-ms="112" status="PASS">
          <params>
            <param index="0">
              <value>
                <![CDATA[[TestResult name=getTitle status=SUCCESS method=Logintest.getTitle()[pri:0, instance:test.Logintest@9597028] output={null}]]]>
              </value>
            </param>
          </params>
          <reporter-output>
          </reporter-output>
        </test-method> <!-- getanalysis -->
        <test-method signature="getTitle()[pri:0, instance:test.Logintest@9597028]" started-at="2023-05-01T20:02:25 IST" name="getTitle" finished-at="2023-05-01T20:02:25 IST" duration-ms="10" status="PASS">
          <reporter-output>
          </reporter-output>
        </test-method> <!-- getTitle -->
        <test-method is-config="true" signature="getanalysis(org.testng.ITestResult)[pri:0, instance:test.Logintest@9597028]" started-at="2023-05-01T20:02:25 IST" name="getanalysis" finished-at="2023-05-01T20:02:25 IST" duration-ms="139" status="PASS">
          <params>
            <param index="0">
              <value>
                <![CDATA[[TestResult name=getTitle status=SUCCESS method=Logintest.getTitle()[pri:0, instance:test.Logintest@9597028] output={null}]]]>
              </value>
            </param>
          </params>
          <reporter-output>
          </reporter-output>
        </test-method> <!-- getanalysis -->
        <test-method signature="getTitle()[pri:0, instance:test.Logintest@9597028]" started-at="2023-05-01T20:02:25 IST" name="getTitle" finished-at="2023-05-01T20:02:25 IST" duration-ms="6" status="PASS">
          <reporter-output>
          </reporter-output>
        </test-method> <!-- getTitle -->
        <test-method is-config="true" signature="getanalysis(org.testng.ITestResult)[pri:0, instance:test.Logintest@9597028]" started-at="2023-05-01T20:02:25 IST" name="getanalysis" finished-at="2023-05-01T20:02:25 IST" duration-ms="120" status="PASS">
          <params>
            <param index="0">
              <value>
                <![CDATA[[TestResult name=getTitle status=SUCCESS method=Logintest.getTitle()[pri:0, instance:test.Logintest@9597028] output={null}]]]>
              </value>
            </param>
          </params>
          <reporter-output>
          </reporter-output>
        </test-method> <!-- getanalysis -->
        <test-method signature="getTitle()[pri:0, instance:test.Logintest@9597028]" started-at="2023-05-01T20:02:25 IST" name="getTitle" finished-at="2023-05-01T20:02:25 IST" duration-ms="7" status="PASS">
          <reporter-output>
          </reporter-output>
        </test-method> <!-- getTitle -->
        <test-method is-config="true" signature="getanalysis(org.testng.ITestResult)[pri:0, instance:test.Logintest@9597028]" started-at="2023-05-01T20:02:25 IST" name="getanalysis" finished-at="2023-05-01T20:02:25 IST" duration-ms="126" status="PASS">
          <params>
            <param index="0">
              <value>
                <![CDATA[[TestResult name=getTitle status=SUCCESS method=Logintest.getTitle()[pri:0, instance:test.Logintest@9597028] output={null}]]]>
              </value>
            </param>
          </params>
          <reporter-output>
          </reporter-output>
        </test-method> <!-- getanalysis -->
        <test-method signature="getTitle()[pri:0, instance:test.Logintest@9597028]" started-at="2023-05-01T20:02:25 IST" name="getTitle" finished-at="2023-05-01T20:02:25 IST" duration-ms="8" status="PASS">
          <reporter-output>
          </reporter-output>
        </test-method> <!-- getTitle -->
        <test-method is-config="true" signature="getanalysis(org.testng.ITestResult)[pri:0, instance:test.Logintest@9597028]" started-at="2023-05-01T20:02:25 IST" name="getanalysis" finished-at="2023-05-01T20:02:26 IST" duration-ms="140" status="PASS">
          <params>
            <param index="0">
              <value>
                <![CDATA[[TestResult name=getTitle status=SUCCESS method=Logintest.getTitle()[pri:0, instance:test.Logintest@9597028] output={null}]]]>
              </value>
            </param>
          </params>
          <reporter-output>
          </reporter-output>
        </test-method> <!-- getanalysis -->
        <test-method signature="getTitle()[pri:0, instance:test.Logintest@9597028]" started-at="2023-05-01T20:02:26 IST" name="getTitle" finished-at="2023-05-01T20:02:26 IST" duration-ms="9" status="PASS">
          <reporter-output>
          </reporter-output>
        </test-method> <!-- getTitle -->
        <test-method is-config="true" signature="getanalysis(org.testng.ITestResult)[pri:0, instance:test.Logintest@9597028]" started-at="2023-05-01T20:02:26 IST" name="getanalysis" finished-at="2023-05-01T20:02:26 IST" duration-ms="123" status="PASS">
          <params>
            <param index="0">
              <value>
                <![CDATA[[TestResult name=getTitle status=SUCCESS method=Logintest.getTitle()[pri:0, instance:test.Logintest@9597028] output={null}]]]>
              </value>
            </param>
          </params>
          <reporter-output>
          </reporter-output>
        </test-method> <!-- getanalysis -->
        <test-method signature="getTitle()[pri:0, instance:test.Logintest@9597028]" started-at="2023-05-01T20:02:26 IST" name="getTitle" finished-at="2023-05-01T20:02:26 IST" duration-ms="8" status="PASS">
          <reporter-output>
          </reporter-output>
        </test-method> <!-- getTitle -->
        <test-method is-config="true" signature="getanalysis(org.testng.ITestResult)[pri:0, instance:test.Logintest@9597028]" started-at="2023-05-01T20:02:26 IST" name="getanalysis" finished-at="2023-05-01T20:02:26 IST" duration-ms="126" status="PASS">
          <params>
            <param index="0">
              <value>
                <![CDATA[[TestResult name=getTitle status=SUCCESS method=Logintest.getTitle()[pri:0, instance:test.Logintest@9597028] output={null}]]]>
              </value>
            </param>
          </params>
          <reporter-output>
          </reporter-output>
        </test-method> <!-- getanalysis -->
        <test-method signature="getTitle()[pri:0, instance:test.Logintest@9597028]" started-at="2023-05-01T20:02:26 IST" name="getTitle" finished-at="2023-05-01T20:02:26 IST" duration-ms="8" status="PASS">
          <reporter-output>
          </reporter-output>
        </test-method> <!-- getTitle -->
        <test-method is-config="true" signature="getanalysis(org.testng.ITestResult)[pri:0, instance:test.Logintest@9597028]" started-at="2023-05-01T20:02:26 IST" name="getanalysis" finished-at="2023-05-01T20:02:26 IST" duration-ms="121" status="PASS">
          <params>
            <param index="0">
              <value>
                <![CDATA[[TestResult name=getTitle status=SUCCESS method=Logintest.getTitle()[pri:0, instance:test.Logintest@9597028] output={null}]]]>
              </value>
            </param>
          </params>
          <reporter-output>
          </reporter-output>
        </test-method> <!-- getanalysis -->
        <test-method signature="getTitle()[pri:0, instance:test.Logintest@9597028]" started-at="2023-05-01T20:02:26 IST" name="getTitle" finished-at="2023-05-01T20:02:26 IST" duration-ms="8" status="PASS">
          <reporter-output>
          </reporter-output>
        </test-method> <!-- getTitle -->
        <test-method is-config="true" signature="getanalysis(org.testng.ITestResult)[pri:0, instance:test.Logintest@9597028]" started-at="2023-05-01T20:02:26 IST" name="getanalysis" finished-at="2023-05-01T20:02:26 IST" duration-ms="131" status="PASS">
          <params>
            <param index="0">
              <value>
                <![CDATA[[TestResult name=getTitle status=SUCCESS method=Logintest.getTitle()[pri:0, instance:test.Logintest@9597028] output={null}]]]>
              </value>
            </param>
          </params>
          <reporter-output>
          </reporter-output>
        </test-method> <!-- getanalysis -->
        <test-method signature="getTitle()[pri:0, instance:test.Logintest@9597028]" started-at="2023-05-01T20:02:26 IST" name="getTitle" finished-at="2023-05-01T20:02:26 IST" duration-ms="7" status="PASS">
          <reporter-output>
          </reporter-output>
        </test-method> <!-- getTitle -->
        <test-method is-config="true" signature="getanalysis(org.testng.ITestResult)[pri:0, instance:test.Logintest@9597028]" started-at="2023-05-01T20:02:26 IST" name="getanalysis" finished-at="2023-05-01T20:02:26 IST" duration-ms="131" status="PASS">
          <params>
            <param index="0">
              <value>
                <![CDATA[[TestResult name=getTitle status=SUCCESS method=Logintest.getTitle()[pri:0, instance:test.Logintest@9597028] output={null}]]]>
              </value>
            </param>
          </params>
          <reporter-output>
          </reporter-output>
        </test-method> <!-- getanalysis -->
        <test-method signature="getTitle()[pri:0, instance:test.Logintest@9597028]" started-at="2023-05-01T20:02:26 IST" name="getTitle" finished-at="2023-05-01T20:02:26 IST" duration-ms="6" status="PASS">
          <reporter-output>
          </reporter-output>
        </test-method> <!-- getTitle -->
        <test-method is-config="true" signature="getanalysis(org.testng.ITestResult)[pri:0, instance:test.Logintest@9597028]" started-at="2023-05-01T20:02:26 IST" name="getanalysis" finished-at="2023-05-01T20:02:26 IST" duration-ms="134" status="PASS">
          <params>
            <param index="0">
              <value>
                <![CDATA[[TestResult name=getTitle status=SUCCESS method=Logintest.getTitle()[pri:0, instance:test.Logintest@9597028] output={null}]]]>
              </value>
            </param>
          </params>
          <reporter-output>
          </reporter-output>
        </test-method> <!-- getanalysis -->
        <test-method signature="getTitle()[pri:0, instance:test.Logintest@9597028]" started-at="2023-05-01T20:02:26 IST" name="getTitle" finished-at="2023-05-01T20:02:26 IST" duration-ms="10" status="PASS">
          <reporter-output>
          </reporter-output>
        </test-method> <!-- getTitle -->
        <test-method is-config="true" signature="getanalysis(org.testng.ITestResult)[pri:0, instance:test.Logintest@9597028]" started-at="2023-05-01T20:02:26 IST" name="getanalysis" finished-at="2023-05-01T20:02:27 IST" duration-ms="129" status="PASS">
          <params>
            <param index="0">
              <value>
                <![CDATA[[TestResult name=getTitle status=SUCCESS method=Logintest.getTitle()[pri:0, instance:test.Logintest@9597028] output={null}]]]>
              </value>
            </param>
          </params>
          <reporter-output>
          </reporter-output>
        </test-method> <!-- getanalysis -->
        <test-method signature="getTitle()[pri:0, instance:test.Logintest@9597028]" started-at="2023-05-01T20:02:27 IST" name="getTitle" finished-at="2023-05-01T20:02:27 IST" duration-ms="7" status="PASS">
          <reporter-output>
          </reporter-output>
        </test-method> <!-- getTitle -->
        <test-method is-config="true" signature="getanalysis(org.testng.ITestResult)[pri:0, instance:test.Logintest@9597028]" started-at="2023-05-01T20:02:27 IST" name="getanalysis" finished-at="2023-05-01T20:02:27 IST" duration-ms="133" status="PASS">
          <params>
            <param index="0">
              <value>
                <![CDATA[[TestResult name=getTitle status=SUCCESS method=Logintest.getTitle()[pri:0, instance:test.Logintest@9597028] output={null}]]]>
              </value>
            </param>
          </params>
          <reporter-output>
          </reporter-output>
        </test-method> <!-- getanalysis -->
        <test-method signature="getTitle()[pri:0, instance:test.Logintest@9597028]" started-at="2023-05-01T20:02:27 IST" name="getTitle" finished-at="2023-05-01T20:02:27 IST" duration-ms="6" status="PASS">
          <reporter-output>
          </reporter-output>
        </test-method> <!-- getTitle -->
        <test-method is-config="true" signature="getanalysis(org.testng.ITestResult)[pri:0, instance:test.Logintest@9597028]" started-at="2023-05-01T20:02:27 IST" name="getanalysis" finished-at="2023-05-01T20:02:27 IST" duration-ms="142" status="PASS">
          <params>
            <param index="0">
              <value>
                <![CDATA[[TestResult name=getTitle status=SUCCESS method=Logintest.getTitle()[pri:0, instance:test.Logintest@9597028] output={null}]]]>
              </value>
            </param>
          </params>
          <reporter-output>
          </reporter-output>
        </test-method> <!-- getanalysis -->
        <test-method signature="getTitle()[pri:0, instance:test.Logintest@9597028]" started-at="2023-05-01T20:02:27 IST" name="getTitle" finished-at="2023-05-01T20:02:27 IST" duration-ms="6" status="PASS">
          <reporter-output>
          </reporter-output>
        </test-method> <!-- getTitle -->
        <test-method is-config="true" signature="getanalysis(org.testng.ITestResult)[pri:0, instance:test.Logintest@9597028]" started-at="2023-05-01T20:02:27 IST" name="getanalysis" finished-at="2023-05-01T20:02:27 IST" duration-ms="151" status="PASS">
          <params>
            <param index="0">
              <value>
                <![CDATA[[TestResult name=getTitle status=SUCCESS method=Logintest.getTitle()[pri:0, instance:test.Logintest@9597028] output={null}]]]>
              </value>
            </param>
          </params>
          <reporter-output>
          </reporter-output>
        </test-method> <!-- getanalysis -->
        <test-method signature="getTitle()[pri:0, instance:test.Logintest@9597028]" started-at="2023-05-01T20:02:27 IST" name="getTitle" finished-at="2023-05-01T20:02:27 IST" duration-ms="9" status="PASS">
          <reporter-output>
          </reporter-output>
        </test-method> <!-- getTitle -->
        <test-method is-config="true" signature="getanalysis(org.testng.ITestResult)[pri:0, instance:test.Logintest@9597028]" started-at="2023-05-01T20:02:27 IST" name="getanalysis" finished-at="2023-05-01T20:02:27 IST" duration-ms="124" status="PASS">
          <params>
            <param index="0">
              <value>
                <![CDATA[[TestResult name=getTitle status=SUCCESS method=Logintest.getTitle()[pri:0, instance:test.Logintest@9597028] output={null}]]]>
              </value>
            </param>
          </params>
          <reporter-output>
          </reporter-output>
        </test-method> <!-- getanalysis -->
        <test-method signature="getTitle()[pri:0, instance:test.Logintest@9597028]" started-at="2023-05-01T20:02:27 IST" name="getTitle" finished-at="2023-05-01T20:02:27 IST" duration-ms="7" status="PASS">
          <reporter-output>
          </reporter-output>
        </test-method> <!-- getTitle -->
        <test-method is-config="true" signature="getanalysis(org.testng.ITestResult)[pri:0, instance:test.Logintest@9597028]" started-at="2023-05-01T20:02:27 IST" name="getanalysis" finished-at="2023-05-01T20:02:27 IST" duration-ms="135" status="PASS">
          <params>
            <param index="0">
              <value>
                <![CDATA[[TestResult name=getTitle status=SUCCESS method=Logintest.getTitle()[pri:0, instance:test.Logintest@9597028] output={null}]]]>
              </value>
            </param>
          </params>
          <reporter-output>
          </reporter-output>
        </test-method> <!-- getanalysis -->
        <test-method signature="getTitle()[pri:0, instance:test.Logintest@9597028]" started-at="2023-05-01T20:02:27 IST" name="getTitle" finished-at="2023-05-01T20:02:27 IST" duration-ms="8" status="PASS">
          <reporter-output>
          </reporter-output>
        </test-method> <!-- getTitle -->
        <test-method is-config="true" signature="getanalysis(org.testng.ITestResult)[pri:0, instance:test.Logintest@9597028]" started-at="2023-05-01T20:02:27 IST" name="getanalysis" finished-at="2023-05-01T20:02:27 IST" duration-ms="130" status="PASS">
          <params>
            <param index="0">
              <value>
                <![CDATA[[TestResult name=getTitle status=SUCCESS method=Logintest.getTitle()[pri:0, instance:test.Logintest@9597028] output={null}]]]>
              </value>
            </param>
          </params>
          <reporter-output>
          </reporter-output>
        </test-method> <!-- getanalysis -->
        <test-method signature="getTitle()[pri:0, instance:test.Logintest@9597028]" started-at="2023-05-01T20:02:27 IST" name="getTitle" finished-at="2023-05-01T20:02:27 IST" duration-ms="6" status="PASS">
          <reporter-output>
          </reporter-output>
        </test-method> <!-- getTitle -->
        <test-method is-config="true" signature="getanalysis(org.testng.ITestResult)[pri:0, instance:test.Logintest@9597028]" started-at="2023-05-01T20:02:27 IST" name="getanalysis" finished-at="2023-05-01T20:02:28 IST" duration-ms="134" status="PASS">
          <params>
            <param index="0">
              <value>
                <![CDATA[[TestResult name=getTitle status=SUCCESS method=Logintest.getTitle()[pri:0, instance:test.Logintest@9597028] output={null}]]]>
              </value>
            </param>
          </params>
          <reporter-output>
          </reporter-output>
        </test-method> <!-- getanalysis -->
        <test-method signature="getTitle()[pri:0, instance:test.Logintest@9597028]" started-at="2023-05-01T20:02:28 IST" name="getTitle" finished-at="2023-05-01T20:02:28 IST" duration-ms="7" status="PASS">
          <reporter-output>
          </reporter-output>
        </test-method> <!-- getTitle -->
        <test-method is-config="true" signature="getanalysis(org.testng.ITestResult)[pri:0, instance:test.Logintest@9597028]" started-at="2023-05-01T20:02:28 IST" name="getanalysis" finished-at="2023-05-01T20:02:28 IST" duration-ms="125" status="PASS">
          <params>
            <param index="0">
              <value>
                <![CDATA[[TestResult name=getTitle status=SUCCESS method=Logintest.getTitle()[pri:0, instance:test.Logintest@9597028] output={null}]]]>
              </value>
            </param>
          </params>
          <reporter-output>
          </reporter-output>
        </test-method> <!-- getanalysis -->
        <test-method signature="getTitle()[pri:0, instance:test.Logintest@9597028]" started-at="2023-05-01T20:02:28 IST" name="getTitle" finished-at="2023-05-01T20:02:28 IST" duration-ms="7" status="PASS">
          <reporter-output>
          </reporter-output>
        </test-method> <!-- getTitle -->
        <test-method is-config="true" signature="getanalysis(org.testng.ITestResult)[pri:0, instance:test.Logintest@9597028]" started-at="2023-05-01T20:02:28 IST" name="getanalysis" finished-at="2023-05-01T20:02:28 IST" duration-ms="133" status="PASS">
          <params>
            <param index="0">
              <value>
                <![CDATA[[TestResult name=getTitle status=SUCCESS method=Logintest.getTitle()[pri:0, instance:test.Logintest@9597028] output={null}]]]>
              </value>
            </param>
          </params>
          <reporter-output>
          </reporter-output>
        </test-method> <!-- getanalysis -->
        <test-method signature="getTitle()[pri:0, instance:test.Logintest@9597028]" started-at="2023-05-01T20:02:28 IST" name="getTitle" finished-at="2023-05-01T20:02:28 IST" duration-ms="7" status="PASS">
          <reporter-output>
          </reporter-output>
        </test-method> <!-- getTitle -->
        <test-method is-config="true" signature="getanalysis(org.testng.ITestResult)[pri:0, instance:test.Logintest@9597028]" started-at="2023-05-01T20:02:28 IST" name="getanalysis" finished-at="2023-05-01T20:02:28 IST" duration-ms="128" status="PASS">
          <params>
            <param index="0">
              <value>
                <![CDATA[[TestResult name=getTitle status=SUCCESS method=Logintest.getTitle()[pri:0, instance:test.Logintest@9597028] output={null}]]]>
              </value>
            </param>
          </params>
          <reporter-output>
          </reporter-output>
        </test-method> <!-- getanalysis -->
        <test-method signature="getTitle()[pri:0, instance:test.Logintest@9597028]" started-at="2023-05-01T20:02:28 IST" name="getTitle" finished-at="2023-05-01T20:02:28 IST" duration-ms="7" status="PASS">
          <reporter-output>
          </reporter-output>
        </test-method> <!-- getTitle -->
        <test-method is-config="true" signature="getanalysis(org.testng.ITestResult)[pri:0, instance:test.Logintest@9597028]" started-at="2023-05-01T20:02:28 IST" name="getanalysis" finished-at="2023-05-01T20:02:28 IST" duration-ms="131" status="PASS">
          <params>
            <param index="0">
              <value>
                <![CDATA[[TestResult name=getTitle status=SUCCESS method=Logintest.getTitle()[pri:0, instance:test.Logintest@9597028] output={null}]]]>
              </value>
            </param>
          </params>
          <reporter-output>
          </reporter-output>
        </test-method> <!-- getanalysis -->
        <test-method signature="getTitle()[pri:0, instance:test.Logintest@9597028]" started-at="2023-05-01T20:02:28 IST" name="getTitle" finished-at="2023-05-01T20:02:28 IST" duration-ms="7" status="PASS">
          <reporter-output>
          </reporter-output>
        </test-method> <!-- getTitle -->
        <test-method is-config="true" signature="getanalysis(org.testng.ITestResult)[pri:0, instance:test.Logintest@9597028]" started-at="2023-05-01T20:02:28 IST" name="getanalysis" finished-at="2023-05-01T20:02:28 IST" duration-ms="150" status="PASS">
          <params>
            <param index="0">
              <value>
                <![CDATA[[TestResult name=getTitle status=SUCCESS method=Logintest.getTitle()[pri:0, instance:test.Logintest@9597028] output={null}]]]>
              </value>
            </param>
          </params>
          <reporter-output>
          </reporter-output>
        </test-method> <!-- getanalysis -->
        <test-method signature="getTitle()[pri:0, instance:test.Logintest@9597028]" started-at="2023-05-01T20:02:28 IST" name="getTitle" finished-at="2023-05-01T20:02:28 IST" duration-ms="17" status="PASS">
          <reporter-output>
          </reporter-output>
        </test-method> <!-- getTitle -->
        <test-method is-config="true" signature="getanalysis(org.testng.ITestResult)[pri:0, instance:test.Logintest@9597028]" started-at="2023-05-01T20:02:28 IST" name="getanalysis" finished-at="2023-05-01T20:02:28 IST" duration-ms="199" status="PASS">
          <params>
            <param index="0">
              <value>
                <![CDATA[[TestResult name=getTitle status=SUCCESS method=Logintest.getTitle()[pri:0, instance:test.Logintest@9597028] output={null}]]]>
              </value>
            </param>
          </params>
          <reporter-output>
          </reporter-output>
        </test-method> <!-- getanalysis -->
        <test-method signature="getTitle()[pri:0, instance:test.Logintest@9597028]" started-at="2023-05-01T20:02:28 IST" name="getTitle" finished-at="2023-05-01T20:02:28 IST" duration-ms="13" status="PASS">
          <reporter-output>
          </reporter-output>
        </test-method> <!-- getTitle -->
        <test-method is-config="true" signature="getanalysis(org.testng.ITestResult)[pri:0, instance:test.Logintest@9597028]" started-at="2023-05-01T20:02:28 IST" name="getanalysis" finished-at="2023-05-01T20:02:29 IST" duration-ms="164" status="PASS">
          <params>
            <param index="0">
              <value>
                <![CDATA[[TestResult name=getTitle status=SUCCESS method=Logintest.getTitle()[pri:0, instance:test.Logintest@9597028] output={null}]]]>
              </value>
            </param>
          </params>
          <reporter-output>
          </reporter-output>
        </test-method> <!-- getanalysis -->
        <test-method signature="getTitle()[pri:0, instance:test.Logintest@9597028]" started-at="2023-05-01T20:02:29 IST" name="getTitle" finished-at="2023-05-01T20:02:29 IST" duration-ms="12" status="PASS">
          <reporter-output>
          </reporter-output>
        </test-method> <!-- getTitle -->
        <test-method is-config="true" signature="getanalysis(org.testng.ITestResult)[pri:0, instance:test.Logintest@9597028]" started-at="2023-05-01T20:02:29 IST" name="getanalysis" finished-at="2023-05-01T20:02:29 IST" duration-ms="121" status="PASS">
          <params>
            <param index="0">
              <value>
                <![CDATA[[TestResult name=getTitle status=SUCCESS method=Logintest.getTitle()[pri:0, instance:test.Logintest@9597028] output={null}]]]>
              </value>
            </param>
          </params>
          <reporter-output>
          </reporter-output>
        </test-method> <!-- getanalysis -->
        <test-method signature="getTitle()[pri:0, instance:test.Logintest@9597028]" started-at="2023-05-01T20:02:29 IST" name="getTitle" finished-at="2023-05-01T20:02:29 IST" duration-ms="9" status="PASS">
          <reporter-output>
          </reporter-output>
        </test-method> <!-- getTitle -->
        <test-method is-config="true" signature="getanalysis(org.testng.ITestResult)[pri:0, instance:test.Logintest@9597028]" started-at="2023-05-01T20:02:29 IST" name="getanalysis" finished-at="2023-05-01T20:02:29 IST" duration-ms="130" status="PASS">
          <params>
            <param index="0">
              <value>
                <![CDATA[[TestResult name=getTitle status=SUCCESS method=Logintest.getTitle()[pri:0, instance:test.Logintest@9597028] output={null}]]]>
              </value>
            </param>
          </params>
          <reporter-output>
          </reporter-output>
        </test-method> <!-- getanalysis -->
        <test-method signature="getTitle()[pri:0, instance:test.Logintest@9597028]" started-at="2023-05-01T20:02:29 IST" name="getTitle" finished-at="2023-05-01T20:02:29 IST" duration-ms="7" status="PASS">
          <reporter-output>
          </reporter-output>
        </test-method> <!-- getTitle -->
        <test-method is-config="true" signature="getanalysis(org.testng.ITestResult)[pri:0, instance:test.Logintest@9597028]" started-at="2023-05-01T20:02:29 IST" name="getanalysis" finished-at="2023-05-01T20:02:29 IST" duration-ms="137" status="PASS">
          <params>
            <param index="0">
              <value>
                <![CDATA[[TestResult name=getTitle status=SUCCESS method=Logintest.getTitle()[pri:0, instance:test.Logintest@9597028] output={null}]]]>
              </value>
            </param>
          </params>
          <reporter-output>
          </reporter-output>
        </test-method> <!-- getanalysis -->
        <test-method signature="getTitle()[pri:0, instance:test.Logintest@9597028]" started-at="2023-05-01T20:02:29 IST" name="getTitle" finished-at="2023-05-01T20:02:29 IST" duration-ms="9" status="PASS">
          <reporter-output>
          </reporter-output>
        </test-method> <!-- getTitle -->
        <test-method is-config="true" signature="getanalysis(org.testng.ITestResult)[pri:0, instance:test.Logintest@9597028]" started-at="2023-05-01T20:02:29 IST" name="getanalysis" finished-at="2023-05-01T20:02:29 IST" duration-ms="139" status="PASS">
          <params>
            <param index="0">
              <value>
                <![CDATA[[TestResult name=getTitle status=SUCCESS method=Logintest.getTitle()[pri:0, instance:test.Logintest@9597028] output={null}]]]>
              </value>
            </param>
          </params>
          <reporter-output>
          </reporter-output>
        </test-method> <!-- getanalysis -->
        <test-method signature="getTitle()[pri:0, instance:test.Logintest@9597028]" started-at="2023-05-01T20:02:29 IST" name="getTitle" finished-at="2023-05-01T20:02:29 IST" duration-ms="9" status="PASS">
          <reporter-output>
          </reporter-output>
        </test-method> <!-- getTitle -->
        <test-method is-config="true" signature="getanalysis(org.testng.ITestResult)[pri:0, instance:test.Logintest@9597028]" started-at="2023-05-01T20:02:29 IST" name="getanalysis" finished-at="2023-05-01T20:02:29 IST" duration-ms="130" status="PASS">
          <params>
            <param index="0">
              <value>
                <![CDATA[[TestResult name=getTitle status=SUCCESS method=Logintest.getTitle()[pri:0, instance:test.Logintest@9597028] output={null}]]]>
              </value>
            </param>
          </params>
          <reporter-output>
          </reporter-output>
        </test-method> <!-- getanalysis -->
        <test-method signature="getTitle()[pri:0, instance:test.Logintest@9597028]" started-at="2023-05-01T20:02:29 IST" name="getTitle" finished-at="2023-05-01T20:02:29 IST" duration-ms="6" status="PASS">
          <reporter-output>
          </reporter-output>
        </test-method> <!-- getTitle -->
        <test-method is-config="true" signature="getanalysis(org.testng.ITestResult)[pri:0, instance:test.Logintest@9597028]" started-at="2023-05-01T20:02:29 IST" name="getanalysis" finished-at="2023-05-01T20:02:30 IST" duration-ms="139" status="PASS">
          <params>
            <param index="0">
              <value>
                <![CDATA[[TestResult name=getTitle status=SUCCESS method=Logintest.getTitle()[pri:0, instance:test.Logintest@9597028] output={null}]]]>
              </value>
            </param>
          </params>
          <reporter-output>
          </reporter-output>
        </test-method> <!-- getanalysis -->
        <test-method signature="clickonElements()[pri:3, instance:test.Logintest@9597028]" started-at="2023-05-01T20:02:30 IST" name="clickonElements" finished-at="2023-05-01T20:02:30 IST" duration-ms="90" status="PASS">
          <reporter-output>
          </reporter-output>
        </test-method> <!-- clickonElements -->
        <test-method is-config="true" signature="getanalysis(org.testng.ITestResult)[pri:0, instance:test.Logintest@9597028]" started-at="2023-05-01T20:02:30 IST" name="getanalysis" finished-at="2023-05-01T20:02:30 IST" duration-ms="249" status="PASS">
          <params>
            <param index="0">
              <value>
                <![CDATA[[TestResult name=clickonElements status=SUCCESS method=Logintest.clickonElements()[pri:3, instance:test.Logintest@9597028] output={null}]]]>
              </value>
            </param>
          </params>
          <reporter-output>
          </reporter-output>
        </test-method> <!-- getanalysis -->
        <test-method is-config="true" signature="teardown()[pri:0, instance:test.Logintest@9597028]" started-at="2023-05-01T20:02:30 IST" name="teardown" finished-at="2023-05-01T20:02:30 IST" duration-ms="435" status="PASS">
          <reporter-output>
          </reporter-output>
        </test-method> <!-- teardown -->
        <test-method is-config="true" signature="tearDown()[pri:0, instance:test.Logintest@9597028]" started-at="2023-05-01T20:02:30 IST" name="tearDown" finished-at="2023-05-01T20:02:30 IST" depends-on-methods="test.Logintest.teardown" duration-ms="1" status="PASS">
          <reporter-output>
          </reporter-output>
        </test-method> <!-- tearDown -->
      </class> <!-- test.Logintest -->
    </test> <!-- Default test -->
  </suite> <!-- Default suite -->
</testng-results>
