<?xml version="1.0" encoding="UTF-8"?>
<!-- Generated by org.testng.reporters.JUnitXMLReporter -->
<testsuite ignored="0" hostname="DESKTOP-A020C06" failures="0" tests="5" name="Default test" time="33.155" errors="0" timestamp="2022-11-17T01:16:53 IST">
  <testcase classname="test.Dataprovider_demo" name="test" time="7.471"/>
  <testcase classname="test.Dataprovider_demo" name="test" time="3.949"/>
  <testcase classname="test.Dataprovider_demo" name="test" time="3.706"/>
  <testcase classname="test.Dataprovider_demo" name="test" time="5.552"/>
  <testcase classname="test.Dataprovider_demo" name="test" time="9.816"/>
</testsuite> <!-- Default test -->
