<?xml version="1.0" encoding="UTF-8"?>
<!-- Generated by org.testng.reporters.JUnitXMLReporter -->
<testsuite ignored="0" hostname="DESKTOP-A020C06" failures="0" tests="4" name="Test" time="11.603" errors="0" timestamp="2022-09-13T23:38:50 IST">
  <testcase classname="test.Logintest" name="getTitle" time="0.023"/>
  <testcase classname="test.Logintest" name="clickonCloseButton" time="0.064"/>
  <testcase classname="test.Logintest" name="clickonpractice" time="2.024"/>
  <testcase classname="test.Logintest" name="clickonElements" time="0.057"/>
</testsuite> <!-- Test -->
