<?xml version="1.0" encoding="UTF-8"?>
<!-- Generated by org.testng.reporters.JUnitXMLReporter -->
<testsuite ignored="0" hostname="DESKTOP-A020C06" failures="0" tests="5" name="test.CheckBox_test" time="11.774" errors="0" timestamp="2022-09-25T21:35:50 IST">
  <testcase classname="test.CheckBox_test" name="clickonElements" time="0.07"/>
  <testcase classname="test.CheckBox_test" name="clickonCheckBox" time="0.115"/>
  <testcase classname="test.CheckBox_test" name="mobileCheckBoxButton" time="0.382"/>
  <testcase classname="test.CheckBox_test" name="LaptopCheckBoxButton" time="0.281"/>
  <testcase classname="test.CheckBox_test" name="DesktopCheckBoxButton" time="0.152"/>
</testsuite> <!-- test.CheckBox_test -->
